2025-03-08T23:33:59.383+07:00  INFO 21488 --- [miniinsta] [restartedMain] c.t.miniinsta.MiniinstaApplication       : Starting MiniinstaApplication using Java 21.0.1 with PID 21488 (C:\Users\Admin\Downloads\Workspace\mini_insta\miniinsta\miniinsta\bin\main started by Admin in C:\Users\Admin\Downloads\Workspace\mini_insta\miniinsta\miniinsta)
2025-03-08T23:33:59.398+07:00  INFO 21488 --- [miniinsta] [restartedMain] c.t.miniinsta.MiniinstaApplication       : No active profile set, falling back to 1 default profile: "default"
2025-03-08T23:33:59.499+07:00  INFO 21488 --- [miniinsta] [restartedMain] .e.DevToolsPropertyDefaultsPostProcessor : Devtools property defaults active! Set 'spring.devtools.add-properties' to 'false' to disable
2025-03-08T23:33:59.500+07:00  INFO 21488 --- [miniinsta] [restartedMain] .e.DevToolsPropertyDefaultsPostProcessor : For additional web related logging consider setting the 'logging.level.web' property to 'DEBUG'
2025-03-08T23:34:02.871+07:00  INFO 21488 --- [miniinsta] [restartedMain] .s.d.r.c.RepositoryConfigurationDelegate : Multiple Spring Data modules found, entering strict repository configuration mode
2025-03-08T23:34:02.876+07:00  INFO 21488 --- [miniinsta] [restartedMain] .s.d.r.c.RepositoryConfigurationDelegate : Bootstrapping Spring Data JPA repositories in DEFAULT mode.
2025-03-08T23:34:03.280+07:00  INFO 21488 --- [miniinsta] [restartedMain] .s.d.r.c.RepositoryConfigurationDelegate : Finished Spring Data repository scanning in 386 ms. Found 7 JPA repository interfaces.
2025-03-08T23:34:03.312+07:00  INFO 21488 --- [miniinsta] [restartedMain] .s.d.r.c.RepositoryConfigurationDelegate : Multiple Spring Data modules found, entering strict repository configuration mode
2025-03-08T23:34:03.316+07:00  INFO 21488 --- [miniinsta] [restartedMain] .s.d.r.c.RepositoryConfigurationDelegate : Bootstrapping Spring Data Redis repositories in DEFAULT mode.
2025-03-08T23:34:03.361+07:00  INFO 21488 --- [miniinsta] [restartedMain] .RepositoryConfigurationExtensionSupport : Spring Data Redis - Could not safely identify store assignment for repository candidate interface com.thaihoc.miniinsta.repository.ChatMessageRepository; If you want this repository to be a Redis repository, consider annotating your entities with one of these annotations: org.springframework.data.redis.core.RedisHash (preferred), or consider extending one of the following types with your repository: org.springframework.data.keyvalue.repository.KeyValueRepository
2025-03-08T23:34:03.365+07:00  INFO 21488 --- [miniinsta] [restartedMain] .RepositoryConfigurationExtensionSupport : Spring Data Redis - Could not safely identify store assignment for repository candidate interface com.thaihoc.miniinsta.repository.CommentRepository; If you want this repository to be a Redis repository, consider annotating your entities with one of these annotations: org.springframework.data.redis.core.RedisHash (preferred), or consider extending one of the following types with your repository: org.springframework.data.keyvalue.repository.KeyValueRepository
2025-03-08T23:34:03.368+07:00  INFO 21488 --- [miniinsta] [restartedMain] .RepositoryConfigurationExtensionSupport : Spring Data Redis - Could not safely identify store assignment for repository candidate interface com.thaihoc.miniinsta.repository.FollowerRepository; If you want this repository to be a Redis repository, consider annotating your entities with one of these annotations: org.springframework.data.redis.core.RedisHash (preferred), or consider extending one of the following types with your repository: org.springframework.data.keyvalue.repository.KeyValueRepository
2025-03-08T23:34:03.369+07:00  INFO 21488 --- [miniinsta] [restartedMain] .RepositoryConfigurationExtensionSupport : Spring Data Redis - Could not safely identify store assignment for repository candidate interface com.thaihoc.miniinsta.repository.NotificationRepository; If you want this repository to be a Redis repository, consider annotating your entities with one of these annotations: org.springframework.data.redis.core.RedisHash (preferred), or consider extending one of the following types with your repository: org.springframework.data.keyvalue.repository.KeyValueRepository
2025-03-08T23:34:03.370+07:00  INFO 21488 --- [miniinsta] [restartedMain] .RepositoryConfigurationExtensionSupport : Spring Data Redis - Could not safely identify store assignment for repository candidate interface com.thaihoc.miniinsta.repository.PostRepository; If you want this repository to be a Redis repository, consider annotating your entities with one of these annotations: org.springframework.data.redis.core.RedisHash (preferred), or consider extending one of the following types with your repository: org.springframework.data.keyvalue.repository.KeyValueRepository
2025-03-08T23:34:03.371+07:00  INFO 21488 --- [miniinsta] [restartedMain] .RepositoryConfigurationExtensionSupport : Spring Data Redis - Could not safely identify store assignment for repository candidate interface com.thaihoc.miniinsta.repository.ProfileRepository; If you want this repository to be a Redis repository, consider annotating your entities with one of these annotations: org.springframework.data.redis.core.RedisHash (preferred), or consider extending one of the following types with your repository: org.springframework.data.keyvalue.repository.KeyValueRepository
2025-03-08T23:34:03.371+07:00  INFO 21488 --- [miniinsta] [restartedMain] .RepositoryConfigurationExtensionSupport : Spring Data Redis - Could not safely identify store assignment for repository candidate interface com.thaihoc.miniinsta.repository.UserRepository; If you want this repository to be a Redis repository, consider annotating your entities with one of these annotations: org.springframework.data.redis.core.RedisHash (preferred), or consider extending one of the following types with your repository: org.springframework.data.keyvalue.repository.KeyValueRepository
2025-03-08T23:34:03.372+07:00  INFO 21488 --- [miniinsta] [restartedMain] .s.d.r.c.RepositoryConfigurationDelegate : Finished Spring Data repository scanning in 31 ms. Found 0 Redis repository interfaces.
2025-03-08T23:34:05.543+07:00  INFO 21488 --- [miniinsta] [restartedMain] o.s.b.w.embedded.tomcat.TomcatWebServer  : Tomcat initialized with port 8080 (http)
2025-03-08T23:34:05.568+07:00  INFO 21488 --- [miniinsta] [restartedMain] o.apache.catalina.core.StandardService   : Starting service [Tomcat]
2025-03-08T23:34:05.569+07:00  INFO 21488 --- [miniinsta] [restartedMain] o.apache.catalina.core.StandardEngine    : Starting Servlet engine: [Apache Tomcat/10.1.36]
2025-03-08T23:34:05.677+07:00  INFO 21488 --- [miniinsta] [restartedMain] o.a.c.c.C.[Tomcat].[localhost].[/]       : Initializing Spring embedded WebApplicationContext
2025-03-08T23:34:05.678+07:00  INFO 21488 --- [miniinsta] [restartedMain] w.s.c.ServletWebServerApplicationContext : Root WebApplicationContext: initialization completed in 6176 ms
2025-03-08T23:34:06.151+07:00 DEBUG 21488 --- [miniinsta] [restartedMain] o.s.w.f.CommonsRequestLoggingFilter      : Filter 'logFilter' configured for use
2025-03-08T23:34:06.467+07:00  INFO 21488 --- [miniinsta] [restartedMain] o.hibernate.jpa.internal.util.LogHelper  : HHH000204: Processing PersistenceUnitInfo [name: default]
2025-03-08T23:34:06.673+07:00  INFO 21488 --- [miniinsta] [restartedMain] org.hibernate.Version                    : HHH000412: Hibernate ORM core version 6.6.8.Final
2025-03-08T23:34:06.772+07:00  INFO 21488 --- [miniinsta] [restartedMain] o.h.c.internal.RegionFactoryInitiator    : HHH000026: Second-level cache disabled
2025-03-08T23:34:07.387+07:00  INFO 21488 --- [miniinsta] [restartedMain] o.s.o.j.p.SpringPersistenceUnitInfo      : No LoadTimeWeaver setup: ignoring JPA class transformer
2025-03-08T23:34:07.455+07:00  INFO 21488 --- [miniinsta] [restartedMain] com.zaxxer.hikari.HikariDataSource       : HikariPool-1 - Starting...
2025-03-08T23:34:08.261+07:00  INFO 21488 --- [miniinsta] [restartedMain] com.zaxxer.hikari.pool.HikariPool        : HikariPool-1 - Added connection com.mysql.cj.jdbc.ConnectionImpl@4e72163e
2025-03-08T23:34:08.265+07:00  INFO 21488 --- [miniinsta] [restartedMain] com.zaxxer.hikari.HikariDataSource       : HikariPool-1 - Start completed.
2025-03-08T23:34:08.491+07:00  INFO 21488 --- [miniinsta] [restartedMain] org.hibernate.orm.connections.pooling    : HHH10001005: Database info:
	Database JDBC URL [Connecting through datasource 'HikariDataSource (HikariPool-1)']
	Database driver: undefined/unknown
	Database version: 8.0.37
	Autocommit mode: undefined/unknown
	Isolation level: undefined/unknown
	Minimum pool size: undefined/unknown
	Maximum pool size: undefined/unknown
2025-03-08T23:34:10.724+07:00  INFO 21488 --- [miniinsta] [restartedMain] o.h.e.t.j.p.i.JtaPlatformInitiator       : HHH000489: No JTA platform available (set 'hibernate.transaction.jta.platform' to enable JTA platform integration)
2025-03-08T23:34:10.983+07:00  INFO 21488 --- [miniinsta] [restartedMain] j.LocalContainerEntityManagerFactoryBean : Initialized JPA EntityManagerFactory for persistence unit 'default'
2025-03-08T23:34:14.372+07:00  WARN 21488 --- [miniinsta] [restartedMain] JpaBaseConfiguration$JpaWebConfiguration : spring.jpa.open-in-view is enabled by default. Therefore, database queries may be performed during view rendering. Explicitly configure spring.jpa.open-in-view to disable this warning
2025-03-08T23:34:14.662+07:00  INFO 21488 --- [miniinsta] [restartedMain] o.s.b.a.w.s.WelcomePageHandlerMapping    : Adding welcome page: class path resource [static/index.html]
2025-03-08T23:34:15.327+07:00  INFO 21488 --- [miniinsta] [restartedMain] o.s.b.a.e.web.EndpointLinksResolver      : Exposing 1 endpoint beneath base path '/actuator'
2025-03-08T23:34:15.374+07:00  WARN 21488 --- [miniinsta] [restartedMain] c.t.miniinsta.config.SecurityConfig      : Configuring http filterChain
2025-03-08T23:34:16.787+07:00  INFO 21488 --- [miniinsta] [restartedMain] o.s.b.d.a.OptionalLiveReloadServer       : LiveReload server is running on port 35729
2025-03-08T23:34:16.957+07:00  INFO 21488 --- [miniinsta] [restartedMain] o.s.m.s.s.StompBrokerRelayMessageHandler : Starting...
2025-03-08T23:34:17.094+07:00  INFO 21488 --- [miniinsta] [restartedMain] o.s.m.s.s.StompBrokerRelayMessageHandler : Starting "system" session, StompBrokerRelay[ReactorNettyTcpClient[reactor.netty.tcp.TcpClientConnect@7e700d3e]]
2025-03-08T23:34:17.260+07:00  INFO 21488 --- [miniinsta] [restartedMain] o.s.m.s.s.StompBrokerRelayMessageHandler : Started.
2025-03-08T23:34:17.279+07:00  INFO 21488 --- [miniinsta] [restartedMain] o.s.b.w.embedded.tomcat.TomcatWebServer  : Tomcat started on port 8080 (http) with context path '/'
2025-03-08T23:34:17.287+07:00  INFO 21488 --- [miniinsta] [restartedMain] o.s.a.r.c.CachingConnectionFactory       : Attempting to connect to: [localhost:5672]
2025-03-08T23:34:17.603+07:00  INFO 21488 --- [miniinsta] [restartedMain] o.s.a.r.c.CachingConnectionFactory       : Created new connection: rabbitConnectionFactory#3eef961a:0/SimpleConnection@38417064 [delegate=amqp://guest@127.0.0.1:5672/, localPort=52000]
2025-03-08T23:34:17.621+07:00  INFO 21488 --- [miniinsta] [restartedMain] o.s.amqp.rabbit.core.RabbitAdmin         : Auto-declaring a non-durable, auto-delete, or exclusive Queue (privateChatQueue) durable:false, auto-delete:false, exclusive:false. It will be redeclared if the broker stops and is restarted while the connection factory is alive, but all messages will be lost.
2025-03-08T23:34:17.762+07:00  INFO 21488 --- [miniinsta] [restartedMain] c.t.miniinsta.MiniinstaApplication       : Started MiniinstaApplication in 19.492 seconds (process running for 21.242)
2025-03-08T23:34:17.918+07:00  INFO 21488 --- [miniinsta] [tcp-client-scheduler-3] o.s.m.s.s.StompBrokerRelayMessageHandler : "System" session connected.
2025-03-08T23:34:17.921+07:00  INFO 21488 --- [miniinsta] [tcp-client-scheduler-3] o.s.m.s.s.StompBrokerRelayMessageHandler : BrokerAvailabilityEvent[available=true, StompBrokerRelay[ReactorNettyTcpClient[reactor.netty.tcp.TcpClientConnect@7e700d3e]]]
2025-03-08T23:34:19.002+07:00  INFO 21488 --- [miniinsta] [RMI TCP Connection(2)-127.0.0.1] o.a.c.c.C.[Tomcat].[localhost].[/]       : Initializing Spring DispatcherServlet 'dispatcherServlet'
2025-03-08T23:34:19.003+07:00  INFO 21488 --- [miniinsta] [RMI TCP Connection(2)-127.0.0.1] o.s.web.servlet.DispatcherServlet        : Initializing Servlet 'dispatcherServlet'
2025-03-08T23:34:19.008+07:00  INFO 21488 --- [miniinsta] [RMI TCP Connection(2)-127.0.0.1] o.s.web.servlet.DispatcherServlet        : Completed initialization in 3 ms
2025-03-08T23:35:01.699+07:00 DEBUG 21488 --- [miniinsta] [http-nio-8080-exec-5] o.s.w.f.CommonsRequestLoggingFilter      : Before request [GET /?continue]
2025-03-08T23:35:01.757+07:00 DEBUG 21488 --- [miniinsta] [http-nio-8080-exec-5] o.s.w.f.CommonsRequestLoggingFilter      : REQUEST DATA: GET /?continue]
2025-03-08T23:35:01.857+07:00 DEBUG 21488 --- [miniinsta] [http-nio-8080-exec-7] o.s.w.f.CommonsRequestLoggingFilter      : Before request [GET /main.css]
2025-03-08T23:35:01.861+07:00 DEBUG 21488 --- [miniinsta] [http-nio-8080-exec-8] o.s.w.f.CommonsRequestLoggingFilter      : Before request [GET /app.js]
2025-03-08T23:35:01.869+07:00 DEBUG 21488 --- [miniinsta] [http-nio-8080-exec-7] o.s.w.f.CommonsRequestLoggingFilter      : REQUEST DATA: GET /main.css]
2025-03-08T23:35:01.871+07:00 DEBUG 21488 --- [miniinsta] [http-nio-8080-exec-8] o.s.w.f.CommonsRequestLoggingFilter      : REQUEST DATA: GET /app.js]
2025-03-08T23:35:02.871+07:00 DEBUG 21488 --- [miniinsta] [http-nio-8080-exec-9] o.s.w.f.CommonsRequestLoggingFilter      : Before request [GET /favicon.ico]
2025-03-08T23:35:02.934+07:00  WARN 21488 --- [miniinsta] [http-nio-8080-exec-9] .m.m.a.ExceptionHandlerExceptionResolver : Resolved [org.springframework.web.servlet.resource.NoResourceFoundException: No static resource favicon.ico.]
2025-03-08T23:35:02.936+07:00 DEBUG 21488 --- [miniinsta] [http-nio-8080-exec-9] o.s.w.f.CommonsRequestLoggingFilter      : REQUEST DATA: GET /favicon.ico]
2025-03-08T23:35:07.937+07:00 DEBUG 21488 --- [miniinsta] [http-nio-8080-exec-10] o.s.w.f.CommonsRequestLoggingFilter      : Before request [GET /swagger-ui/index.html]
2025-03-08T23:35:07.962+07:00 DEBUG 21488 --- [miniinsta] [http-nio-8080-exec-10] o.s.w.f.CommonsRequestLoggingFilter      : REQUEST DATA: GET /swagger-ui/index.html]
2025-03-08T23:35:08.042+07:00 DEBUG 21488 --- [miniinsta] [http-nio-8080-exec-1] o.s.w.f.CommonsRequestLoggingFilter      : Before request [GET /swagger-ui/swagger-ui.css]
2025-03-08T23:35:08.046+07:00 DEBUG 21488 --- [miniinsta] [http-nio-8080-exec-2] o.s.w.f.CommonsRequestLoggingFilter      : Before request [GET /swagger-ui/index.css]
2025-03-08T23:35:08.052+07:00 DEBUG 21488 --- [miniinsta] [http-nio-8080-exec-6] o.s.w.f.CommonsRequestLoggingFilter      : Before request [GET /swagger-ui/swagger-ui-bundle.js]
2025-03-08T23:35:08.052+07:00 DEBUG 21488 --- [miniinsta] [http-nio-8080-exec-4] o.s.w.f.CommonsRequestLoggingFilter      : Before request [GET /swagger-ui/swagger-initializer.js]
2025-03-08T23:35:08.052+07:00 DEBUG 21488 --- [miniinsta] [http-nio-8080-exec-3] o.s.w.f.CommonsRequestLoggingFilter      : Before request [GET /swagger-ui/swagger-ui-standalone-preset.js]
2025-03-08T23:35:08.062+07:00 DEBUG 21488 --- [miniinsta] [http-nio-8080-exec-2] o.s.w.f.CommonsRequestLoggingFilter      : REQUEST DATA: GET /swagger-ui/index.css]
2025-03-08T23:35:08.065+07:00 DEBUG 21488 --- [miniinsta] [http-nio-8080-exec-1] o.s.w.f.CommonsRequestLoggingFilter      : REQUEST DATA: GET /swagger-ui/swagger-ui.css]
2025-03-08T23:35:08.096+07:00 DEBUG 21488 --- [miniinsta] [http-nio-8080-exec-3] o.s.w.f.CommonsRequestLoggingFilter      : REQUEST DATA: GET /swagger-ui/swagger-ui-standalone-preset.js]
2025-03-08T23:35:08.107+07:00 DEBUG 21488 --- [miniinsta] [http-nio-8080-exec-4] o.s.w.f.CommonsRequestLoggingFilter      : REQUEST DATA: GET /swagger-ui/swagger-initializer.js]
2025-03-08T23:35:08.123+07:00 DEBUG 21488 --- [miniinsta] [http-nio-8080-exec-6] o.s.w.f.CommonsRequestLoggingFilter      : REQUEST DATA: GET /swagger-ui/swagger-ui-bundle.js]
2025-03-08T23:35:08.369+07:00 DEBUG 21488 --- [miniinsta] [http-nio-8080-exec-5] o.s.w.f.CommonsRequestLoggingFilter      : Before request [GET /api-docs/swagger-config]
2025-03-08T23:35:08.407+07:00 DEBUG 21488 --- [miniinsta] [http-nio-8080-exec-5] o.s.w.f.CommonsRequestLoggingFilter      : REQUEST DATA: GET /api-docs/swagger-config]
2025-03-08T23:35:08.597+07:00 DEBUG 21488 --- [miniinsta] [http-nio-8080-exec-8] o.s.w.f.CommonsRequestLoggingFilter      : Before request [GET /api-docs]
2025-03-08T23:35:09.651+07:00  INFO 21488 --- [miniinsta] [http-nio-8080-exec-8] o.springdoc.api.AbstractOpenApiResource  : Init duration for springdoc-openapi is: 1032 ms
2025-03-08T23:35:09.687+07:00 DEBUG 21488 --- [miniinsta] [http-nio-8080-exec-8] o.s.w.f.CommonsRequestLoggingFilter      : REQUEST DATA: GET /api-docs]
2025-03-08T23:35:16.856+07:00  INFO 21488 --- [miniinsta] [MessageBroker-4] o.s.w.s.c.WebSocketMessageBrokerStats    : WebSocketSession[0 current WS(0)-HttpStream(0)-HttpPoll(0), 0 total, 0 closed abnormally (0 connect failure, 0 send limit, 0 transport error)], stompSubProtocol[processed CONNECT(0)-CONNECTED(0)-DISCONNECT(0)], stompBrokerRelay[1 sessions, ReactorNettyTcpClient[reactor.netty.tcp.TcpClientConnect@7e700d3e] (available), processed CONNECT(1)-CONNECTED(1)-DISCONNECT(0)], inboundChannel[pool size = 0, active threads = 0, queued tasks = 0, completed tasks = 0], outboundChannel[pool size = 0, active threads = 0, queued tasks = 0, completed tasks = 0], sockJsScheduler[pool size = 8, active threads = 1, queued tasks = 1, completed tasks = 6]
2025-03-08T23:44:38.271+07:00  INFO 21488 --- [miniinsta] [File Watcher] rtingClassPathChangeChangedEventListener : Restarting due to 2 class path changes (0 additions, 0 deletions, 2 modifications)
2025-03-08T23:44:38.375+07:00  INFO 21488 --- [miniinsta] [org.springframework.amqp.rabbit.RabbitListenerEndpointContainer#0-2] o.s.a.r.l.SimpleMessageListenerContainer : Waiting for workers to finish.
2025-03-08T23:44:38.780+07:00  INFO 21488 --- [miniinsta] [org.springframework.amqp.rabbit.RabbitListenerEndpointContainer#0-2] o.s.a.r.l.SimpleMessageListenerContainer : Successfully waited for workers to finish.
2025-03-08T23:44:38.788+07:00  INFO 21488 --- [miniinsta] [Thread-5] o.s.b.w.e.tomcat.GracefulShutdown        : Commencing graceful shutdown. Waiting for active requests to complete
2025-03-08T23:44:38.866+07:00  INFO 21488 --- [miniinsta] [tomcat-shutdown] o.s.b.w.e.tomcat.GracefulShutdown        : Graceful shutdown complete
2025-03-08T23:44:38.878+07:00  INFO 21488 --- [miniinsta] [Thread-5] o.s.m.s.s.StompBrokerRelayMessageHandler : Stopping...
2025-03-08T23:44:38.880+07:00  INFO 21488 --- [miniinsta] [Thread-5] o.s.m.s.s.StompBrokerRelayMessageHandler : BrokerAvailabilityEvent[available=false, StompBrokerRelay[ReactorNettyTcpClient[reactor.netty.tcp.TcpClientConnect@7e700d3e]]]
2025-03-08T23:44:38.957+07:00  INFO 21488 --- [miniinsta] [tcp-client-loop-nio-2] o.s.m.s.s.StompBrokerRelayMessageHandler : TCP connection failure in session _system_: Failed to connect: null

java.nio.channels.ClosedChannelException: null
	at io.netty.channel.nio.AbstractNioChannel.doClose(AbstractNioChannel.java:507) ~[netty-transport-4.1.118.Final.jar:4.1.118.Final]
	at io.netty.channel.socket.nio.NioSocketChannel.doClose(NioSocketChannel.java:348) ~[netty-transport-4.1.118.Final.jar:4.1.118.Final]
	at io.netty.channel.AbstractChannel$AbstractUnsafe.doClose0(AbstractChannel.java:752) ~[netty-transport-4.1.118.Final.jar:4.1.118.Final]
	at io.netty.channel.AbstractChannel$AbstractUnsafe.close(AbstractChannel.java:729) ~[netty-transport-4.1.118.Final.jar:4.1.118.Final]
	at io.netty.channel.AbstractChannel$AbstractUnsafe.close(AbstractChannel.java:619) ~[netty-transport-4.1.118.Final.jar:4.1.118.Final]
	at io.netty.channel.nio.NioEventLoop.closeAll(NioEventLoop.java:846) ~[netty-transport-4.1.118.Final.jar:4.1.118.Final]
	at io.netty.channel.nio.NioEventLoop.run(NioEventLoop.java:591) ~[netty-transport-4.1.118.Final.jar:4.1.118.Final]
	at io.netty.util.concurrent.SingleThreadEventExecutor$4.run(SingleThreadEventExecutor.java:998) ~[netty-common-4.1.118.Final.jar:4.1.118.Final]
	at io.netty.util.internal.ThreadExecutorMap$2.run(ThreadExecutorMap.java:74) ~[netty-common-4.1.118.Final.jar:4.1.118.Final]
	at io.netty.util.concurrent.FastThreadLocalRunnable.run(FastThreadLocalRunnable.java:30) ~[netty-common-4.1.118.Final.jar:4.1.118.Final]
	at java.base/java.lang.Thread.run(Thread.java:1583) ~[na:na]

2025-03-08T23:44:41.113+07:00  INFO 21488 --- [miniinsta] [Thread-5] o.s.m.s.s.StompBrokerRelayMessageHandler : Stopped.
2025-03-08T23:44:41.218+07:00  INFO 21488 --- [miniinsta] [Thread-5] j.LocalContainerEntityManagerFactoryBean : Closing JPA EntityManagerFactory for persistence unit 'default'
2025-03-08T23:44:41.239+07:00  INFO 21488 --- [miniinsta] [Thread-5] com.zaxxer.hikari.HikariDataSource       : HikariPool-1 - Shutdown initiated...
2025-03-08T23:44:41.277+07:00  INFO 21488 --- [miniinsta] [Thread-5] com.zaxxer.hikari.HikariDataSource       : HikariPool-1 - Shutdown completed.
2025-03-08T23:44:41.536+07:00  INFO 21488 --- [miniinsta] [restartedMain] c.t.miniinsta.MiniinstaApplication       : Starting MiniinstaApplication using Java 21.0.1 with PID 21488 (C:\Users\Admin\Downloads\Workspace\mini_insta\miniinsta\miniinsta\bin\main started by Admin in C:\Users\Admin\Downloads\Workspace\mini_insta\miniinsta\miniinsta)
2025-03-08T23:44:41.538+07:00  INFO 21488 --- [miniinsta] [restartedMain] c.t.miniinsta.MiniinstaApplication       : No active profile set, falling back to 1 default profile: "default"
2025-03-08T23:44:42.724+07:00  INFO 21488 --- [miniinsta] [restartedMain] .s.d.r.c.RepositoryConfigurationDelegate : Multiple Spring Data modules found, entering strict repository configuration mode
2025-03-08T23:44:42.725+07:00  INFO 21488 --- [miniinsta] [restartedMain] .s.d.r.c.RepositoryConfigurationDelegate : Bootstrapping Spring Data JPA repositories in DEFAULT mode.
2025-03-08T23:44:42.833+07:00  INFO 21488 --- [miniinsta] [restartedMain] .s.d.r.c.RepositoryConfigurationDelegate : Finished Spring Data repository scanning in 106 ms. Found 7 JPA repository interfaces.
2025-03-08T23:44:42.839+07:00  INFO 21488 --- [miniinsta] [restartedMain] .s.d.r.c.RepositoryConfigurationDelegate : Multiple Spring Data modules found, entering strict repository configuration mode
2025-03-08T23:44:42.839+07:00  INFO 21488 --- [miniinsta] [restartedMain] .s.d.r.c.RepositoryConfigurationDelegate : Bootstrapping Spring Data Redis repositories in DEFAULT mode.
2025-03-08T23:44:42.858+07:00  INFO 21488 --- [miniinsta] [restartedMain] .RepositoryConfigurationExtensionSupport : Spring Data Redis - Could not safely identify store assignment for repository candidate interface com.thaihoc.miniinsta.repository.ChatMessageRepository; If you want this repository to be a Redis repository, consider annotating your entities with one of these annotations: org.springframework.data.redis.core.RedisHash (preferred), or consider extending one of the following types with your repository: org.springframework.data.keyvalue.repository.KeyValueRepository
2025-03-08T23:44:42.860+07:00  INFO 21488 --- [miniinsta] [restartedMain] .RepositoryConfigurationExtensionSupport : Spring Data Redis - Could not safely identify store assignment for repository candidate interface com.thaihoc.miniinsta.repository.CommentRepository; If you want this repository to be a Redis repository, consider annotating your entities with one of these annotations: org.springframework.data.redis.core.RedisHash (preferred), or consider extending one of the following types with your repository: org.springframework.data.keyvalue.repository.KeyValueRepository
2025-03-08T23:44:42.861+07:00  INFO 21488 --- [miniinsta] [restartedMain] .RepositoryConfigurationExtensionSupport : Spring Data Redis - Could not safely identify store assignment for repository candidate interface com.thaihoc.miniinsta.repository.FollowerRepository; If you want this repository to be a Redis repository, consider annotating your entities with one of these annotations: org.springframework.data.redis.core.RedisHash (preferred), or consider extending one of the following types with your repository: org.springframework.data.keyvalue.repository.KeyValueRepository
2025-03-08T23:44:42.861+07:00  INFO 21488 --- [miniinsta] [restartedMain] .RepositoryConfigurationExtensionSupport : Spring Data Redis - Could not safely identify store assignment for repository candidate interface com.thaihoc.miniinsta.repository.NotificationRepository; If you want this repository to be a Redis repository, consider annotating your entities with one of these annotations: org.springframework.data.redis.core.RedisHash (preferred), or consider extending one of the following types with your repository: org.springframework.data.keyvalue.repository.KeyValueRepository
2025-03-08T23:44:42.862+07:00  INFO 21488 --- [miniinsta] [restartedMain] .RepositoryConfigurationExtensionSupport : Spring Data Redis - Could not safely identify store assignment for repository candidate interface com.thaihoc.miniinsta.repository.PostRepository; If you want this repository to be a Redis repository, consider annotating your entities with one of these annotations: org.springframework.data.redis.core.RedisHash (preferred), or consider extending one of the following types with your repository: org.springframework.data.keyvalue.repository.KeyValueRepository
2025-03-08T23:44:42.862+07:00  INFO 21488 --- [miniinsta] [restartedMain] .RepositoryConfigurationExtensionSupport : Spring Data Redis - Could not safely identify store assignment for repository candidate interface com.thaihoc.miniinsta.repository.ProfileRepository; If you want this repository to be a Redis repository, consider annotating your entities with one of these annotations: org.springframework.data.redis.core.RedisHash (preferred), or consider extending one of the following types with your repository: org.springframework.data.keyvalue.repository.KeyValueRepository
2025-03-08T23:44:42.869+07:00  INFO 21488 --- [miniinsta] [restartedMain] .RepositoryConfigurationExtensionSupport : Spring Data Redis - Could not safely identify store assignment for repository candidate interface com.thaihoc.miniinsta.repository.UserRepository; If you want this repository to be a Redis repository, consider annotating your entities with one of these annotations: org.springframework.data.redis.core.RedisHash (preferred), or consider extending one of the following types with your repository: org.springframework.data.keyvalue.repository.KeyValueRepository
2025-03-08T23:44:42.870+07:00  INFO 21488 --- [miniinsta] [restartedMain] .s.d.r.c.RepositoryConfigurationDelegate : Finished Spring Data repository scanning in 27 ms. Found 0 Redis repository interfaces.
2025-03-08T23:44:43.394+07:00  INFO 21488 --- [miniinsta] [restartedMain] o.s.b.w.embedded.tomcat.TomcatWebServer  : Tomcat initialized with port 8080 (http)
2025-03-08T23:44:43.397+07:00  INFO 21488 --- [miniinsta] [restartedMain] o.apache.catalina.core.StandardService   : Starting service [Tomcat]
2025-03-08T23:44:43.397+07:00  INFO 21488 --- [miniinsta] [restartedMain] o.apache.catalina.core.StandardEngine    : Starting Servlet engine: [Apache Tomcat/10.1.36]
2025-03-08T23:44:43.476+07:00  INFO 21488 --- [miniinsta] [restartedMain] o.a.c.c.C.[Tomcat].[localhost].[/]       : Initializing Spring embedded WebApplicationContext
2025-03-08T23:44:43.476+07:00  INFO 21488 --- [miniinsta] [restartedMain] w.s.c.ServletWebServerApplicationContext : Root WebApplicationContext: initialization completed in 1933 ms
2025-03-08T23:44:43.663+07:00 DEBUG 21488 --- [miniinsta] [restartedMain] o.s.w.f.CommonsRequestLoggingFilter      : Filter 'logFilter' configured for use
2025-03-08T23:44:43.758+07:00  INFO 21488 --- [miniinsta] [restartedMain] o.hibernate.jpa.internal.util.LogHelper  : HHH000204: Processing PersistenceUnitInfo [name: default]
2025-03-08T23:44:43.766+07:00  INFO 21488 --- [miniinsta] [restartedMain] o.h.c.internal.RegionFactoryInitiator    : HHH000026: Second-level cache disabled
2025-03-08T23:44:43.794+07:00  INFO 21488 --- [miniinsta] [restartedMain] o.s.o.j.p.SpringPersistenceUnitInfo      : No LoadTimeWeaver setup: ignoring JPA class transformer
2025-03-08T23:44:43.797+07:00  INFO 21488 --- [miniinsta] [restartedMain] com.zaxxer.hikari.HikariDataSource       : HikariPool-2 - Starting...
2025-03-08T23:44:43.890+07:00  INFO 21488 --- [miniinsta] [restartedMain] com.zaxxer.hikari.pool.HikariPool        : HikariPool-2 - Added connection com.mysql.cj.jdbc.ConnectionImpl@3e66267a
2025-03-08T23:44:43.890+07:00  INFO 21488 --- [miniinsta] [restartedMain] com.zaxxer.hikari.HikariDataSource       : HikariPool-2 - Start completed.
2025-03-08T23:44:43.893+07:00  INFO 21488 --- [miniinsta] [restartedMain] org.hibernate.orm.connections.pooling    : HHH10001005: Database info:
	Database JDBC URL [Connecting through datasource 'HikariDataSource (HikariPool-2)']
	Database driver: undefined/unknown
	Database version: 8.0.37
	Autocommit mode: undefined/unknown
	Isolation level: undefined/unknown
	Minimum pool size: undefined/unknown
	Maximum pool size: undefined/unknown
2025-03-08T23:44:44.391+07:00  INFO 21488 --- [miniinsta] [restartedMain] o.h.e.t.j.p.i.JtaPlatformInitiator       : HHH000489: No JTA platform available (set 'hibernate.transaction.jta.platform' to enable JTA platform integration)
2025-03-08T23:44:45.657+07:00  INFO 21488 --- [miniinsta] [restartedMain] j.LocalContainerEntityManagerFactoryBean : Initialized JPA EntityManagerFactory for persistence unit 'default'
2025-03-08T23:44:46.777+07:00  WARN 21488 --- [miniinsta] [restartedMain] JpaBaseConfiguration$JpaWebConfiguration : spring.jpa.open-in-view is enabled by default. Therefore, database queries may be performed during view rendering. Explicitly configure spring.jpa.open-in-view to disable this warning
2025-03-08T23:44:46.887+07:00  INFO 21488 --- [miniinsta] [restartedMain] o.s.b.a.w.s.WelcomePageHandlerMapping    : Adding welcome page: class path resource [static/index.html]
2025-03-08T23:44:47.161+07:00  INFO 21488 --- [miniinsta] [restartedMain] o.s.b.a.e.web.EndpointLinksResolver      : Exposing 1 endpoint beneath base path '/actuator'
2025-03-08T23:44:47.181+07:00  WARN 21488 --- [miniinsta] [restartedMain] c.t.miniinsta.config.SecurityConfig      : Configuring http filterChain
2025-03-08T23:44:47.876+07:00  INFO 21488 --- [miniinsta] [restartedMain] o.s.b.d.a.OptionalLiveReloadServer       : LiveReload server is running on port 35729
2025-03-08T23:44:47.921+07:00  INFO 21488 --- [miniinsta] [restartedMain] o.s.m.s.s.StompBrokerRelayMessageHandler : Starting...
2025-03-08T23:44:47.955+07:00  INFO 21488 --- [miniinsta] [restartedMain] o.s.m.s.s.StompBrokerRelayMessageHandler : Starting "system" session, StompBrokerRelay[ReactorNettyTcpClient[reactor.netty.tcp.TcpClientConnect@28a7e13f]]
2025-03-08T23:44:47.958+07:00  INFO 21488 --- [miniinsta] [restartedMain] o.s.m.s.s.StompBrokerRelayMessageHandler : Started.
2025-03-08T23:44:47.968+07:00  INFO 21488 --- [miniinsta] [restartedMain] o.s.b.w.embedded.tomcat.TomcatWebServer  : Tomcat started on port 8080 (http) with context path '/'
2025-03-08T23:44:47.970+07:00  INFO 21488 --- [miniinsta] [restartedMain] o.s.a.r.c.CachingConnectionFactory       : Attempting to connect to: [localhost:5672]
2025-03-08T23:44:47.993+07:00  INFO 21488 --- [miniinsta] [tcp-client-scheduler-9] o.s.m.s.s.StompBrokerRelayMessageHandler : "System" session connected.
2025-03-08T23:44:47.993+07:00  INFO 21488 --- [miniinsta] [tcp-client-scheduler-9] o.s.m.s.s.StompBrokerRelayMessageHandler : BrokerAvailabilityEvent[available=true, StompBrokerRelay[ReactorNettyTcpClient[reactor.netty.tcp.TcpClientConnect@28a7e13f]]]
2025-03-08T23:44:47.997+07:00  INFO 21488 --- [miniinsta] [restartedMain] o.s.a.r.c.CachingConnectionFactory       : Created new connection: rabbitConnectionFactory#20ed07e0:0/SimpleConnection@7e2a2da1 [delegate=amqp://guest@127.0.0.1:5672/, localPort=52253]
2025-03-08T23:44:47.999+07:00  INFO 21488 --- [miniinsta] [restartedMain] o.s.amqp.rabbit.core.RabbitAdmin         : Auto-declaring a non-durable, auto-delete, or exclusive Queue (privateChatQueue) durable:false, auto-delete:false, exclusive:false. It will be redeclared if the broker stops and is restarted while the connection factory is alive, but all messages will be lost.
2025-03-08T23:44:48.075+07:00  INFO 21488 --- [miniinsta] [restartedMain] c.t.miniinsta.MiniinstaApplication       : Started MiniinstaApplication in 6.637 seconds (process running for 651.555)
2025-03-08T23:44:48.081+07:00  INFO 21488 --- [miniinsta] [restartedMain] .ConditionEvaluationDeltaLoggingListener : Condition evaluation unchanged
2025-03-08T23:45:47.903+07:00  INFO 21488 --- [miniinsta] [MessageBroker-4] o.s.w.s.c.WebSocketMessageBrokerStats    : WebSocketSession[0 current WS(0)-HttpStream(0)-HttpPoll(0), 0 total, 0 closed abnormally (0 connect failure, 0 send limit, 0 transport error)], stompSubProtocol[processed CONNECT(0)-CONNECTED(0)-DISCONNECT(0)], stompBrokerRelay[1 sessions, ReactorNettyTcpClient[reactor.netty.tcp.TcpClientConnect@28a7e13f] (available), processed CONNECT(1)-CONNECTED(1)-DISCONNECT(0)], inboundChannel[pool size = 0, active threads = 0, queued tasks = 0, completed tasks = 0], outboundChannel[pool size = 0, active threads = 0, queued tasks = 0, completed tasks = 0], sockJsScheduler[pool size = 8, active threads = 1, queued tasks = 1, completed tasks = 6]
2025-03-08T23:45:51.086+07:00  INFO 21488 --- [miniinsta] [File Watcher] rtingClassPathChangeChangedEventListener : Restarting due to 1 class path change (0 additions, 0 deletions, 1 modification)
2025-03-08T23:45:51.090+07:00  INFO 21488 --- [miniinsta] [org.springframework.amqp.rabbit.RabbitListenerEndpointContainer#0-2] o.s.a.r.l.SimpleMessageListenerContainer : Waiting for workers to finish.
2025-03-08T23:45:51.646+07:00  INFO 21488 --- [miniinsta] [org.springframework.amqp.rabbit.RabbitListenerEndpointContainer#0-2] o.s.a.r.l.SimpleMessageListenerContainer : Successfully waited for workers to finish.
2025-03-08T23:45:51.647+07:00  INFO 21488 --- [miniinsta] [Thread-23] o.s.b.w.e.tomcat.GracefulShutdown        : Commencing graceful shutdown. Waiting for active requests to complete
2025-03-08T23:45:51.658+07:00  INFO 21488 --- [miniinsta] [tomcat-shutdown] o.s.b.w.e.tomcat.GracefulShutdown        : Graceful shutdown complete
2025-03-08T23:45:51.663+07:00  INFO 21488 --- [miniinsta] [Thread-23] o.s.m.s.s.StompBrokerRelayMessageHandler : Stopping...
2025-03-08T23:45:51.664+07:00  INFO 21488 --- [miniinsta] [Thread-23] o.s.m.s.s.StompBrokerRelayMessageHandler : BrokerAvailabilityEvent[available=false, StompBrokerRelay[ReactorNettyTcpClient[reactor.netty.tcp.TcpClientConnect@28a7e13f]]]
2025-03-08T23:45:51.672+07:00  INFO 21488 --- [miniinsta] [tcp-client-loop-nio-2] o.s.m.s.s.StompBrokerRelayMessageHandler : TCP connection failure in session _system_: Failed to connect: null

java.nio.channels.ClosedChannelException: null
	at io.netty.channel.nio.AbstractNioChannel.doClose(AbstractNioChannel.java:507) ~[netty-transport-4.1.118.Final.jar:4.1.118.Final]
	at io.netty.channel.socket.nio.NioSocketChannel.doClose(NioSocketChannel.java:348) ~[netty-transport-4.1.118.Final.jar:4.1.118.Final]
	at io.netty.channel.AbstractChannel$AbstractUnsafe.doClose0(AbstractChannel.java:752) ~[netty-transport-4.1.118.Final.jar:4.1.118.Final]
	at io.netty.channel.AbstractChannel$AbstractUnsafe.close(AbstractChannel.java:729) ~[netty-transport-4.1.118.Final.jar:4.1.118.Final]
	at io.netty.channel.AbstractChannel$AbstractUnsafe.close(AbstractChannel.java:619) ~[netty-transport-4.1.118.Final.jar:4.1.118.Final]
	at io.netty.channel.nio.NioEventLoop.closeAll(NioEventLoop.java:846) ~[netty-transport-4.1.118.Final.jar:4.1.118.Final]
	at io.netty.channel.nio.NioEventLoop.run(NioEventLoop.java:591) ~[netty-transport-4.1.118.Final.jar:4.1.118.Final]
	at io.netty.util.concurrent.SingleThreadEventExecutor$4.run(SingleThreadEventExecutor.java:998) ~[netty-common-4.1.118.Final.jar:4.1.118.Final]
	at io.netty.util.internal.ThreadExecutorMap$2.run(ThreadExecutorMap.java:74) ~[netty-common-4.1.118.Final.jar:4.1.118.Final]
	at io.netty.util.concurrent.FastThreadLocalRunnable.run(FastThreadLocalRunnable.java:30) ~[netty-common-4.1.118.Final.jar:4.1.118.Final]
	at java.base/java.lang.Thread.run(Thread.java:1583) ~[na:na]

2025-03-08T23:45:53.716+07:00  INFO 21488 --- [miniinsta] [Thread-23] o.s.m.s.s.StompBrokerRelayMessageHandler : Stopped.
2025-03-08T23:45:53.728+07:00  INFO 21488 --- [miniinsta] [Thread-23] j.LocalContainerEntityManagerFactoryBean : Closing JPA EntityManagerFactory for persistence unit 'default'
2025-03-08T23:45:53.729+07:00  INFO 21488 --- [miniinsta] [Thread-23] com.zaxxer.hikari.HikariDataSource       : HikariPool-2 - Shutdown initiated...
2025-03-08T23:45:53.735+07:00  INFO 21488 --- [miniinsta] [Thread-23] com.zaxxer.hikari.HikariDataSource       : HikariPool-2 - Shutdown completed.
2025-03-08T23:45:53.895+07:00  INFO 21488 --- [miniinsta] [restartedMain] c.t.miniinsta.MiniinstaApplication       : Starting MiniinstaApplication using Java 21.0.1 with PID 21488 (C:\Users\Admin\Downloads\Workspace\mini_insta\miniinsta\miniinsta\bin\main started by Admin in C:\Users\Admin\Downloads\Workspace\mini_insta\miniinsta\miniinsta)
2025-03-08T23:45:53.895+07:00  INFO 21488 --- [miniinsta] [restartedMain] c.t.miniinsta.MiniinstaApplication       : No active profile set, falling back to 1 default profile: "default"
2025-03-08T23:45:54.669+07:00  INFO 21488 --- [miniinsta] [restartedMain] .s.d.r.c.RepositoryConfigurationDelegate : Multiple Spring Data modules found, entering strict repository configuration mode
2025-03-08T23:45:54.669+07:00  INFO 21488 --- [miniinsta] [restartedMain] .s.d.r.c.RepositoryConfigurationDelegate : Bootstrapping Spring Data JPA repositories in DEFAULT mode.
2025-03-08T23:45:54.765+07:00  INFO 21488 --- [miniinsta] [restartedMain] .s.d.r.c.RepositoryConfigurationDelegate : Finished Spring Data repository scanning in 94 ms. Found 7 JPA repository interfaces.
2025-03-08T23:45:54.769+07:00  INFO 21488 --- [miniinsta] [restartedMain] .s.d.r.c.RepositoryConfigurationDelegate : Multiple Spring Data modules found, entering strict repository configuration mode
2025-03-08T23:45:54.769+07:00  INFO 21488 --- [miniinsta] [restartedMain] .s.d.r.c.RepositoryConfigurationDelegate : Bootstrapping Spring Data Redis repositories in DEFAULT mode.
2025-03-08T23:45:54.778+07:00  INFO 21488 --- [miniinsta] [restartedMain] .RepositoryConfigurationExtensionSupport : Spring Data Redis - Could not safely identify store assignment for repository candidate interface com.thaihoc.miniinsta.repository.ChatMessageRepository; If you want this repository to be a Redis repository, consider annotating your entities with one of these annotations: org.springframework.data.redis.core.RedisHash (preferred), or consider extending one of the following types with your repository: org.springframework.data.keyvalue.repository.KeyValueRepository
2025-03-08T23:45:54.780+07:00  INFO 21488 --- [miniinsta] [restartedMain] .RepositoryConfigurationExtensionSupport : Spring Data Redis - Could not safely identify store assignment for repository candidate interface com.thaihoc.miniinsta.repository.CommentRepository; If you want this repository to be a Redis repository, consider annotating your entities with one of these annotations: org.springframework.data.redis.core.RedisHash (preferred), or consider extending one of the following types with your repository: org.springframework.data.keyvalue.repository.KeyValueRepository
2025-03-08T23:45:54.780+07:00  INFO 21488 --- [miniinsta] [restartedMain] .RepositoryConfigurationExtensionSupport : Spring Data Redis - Could not safely identify store assignment for repository candidate interface com.thaihoc.miniinsta.repository.FollowerRepository; If you want this repository to be a Redis repository, consider annotating your entities with one of these annotations: org.springframework.data.redis.core.RedisHash (preferred), or consider extending one of the following types with your repository: org.springframework.data.keyvalue.repository.KeyValueRepository
2025-03-08T23:45:54.780+07:00  INFO 21488 --- [miniinsta] [restartedMain] .RepositoryConfigurationExtensionSupport : Spring Data Redis - Could not safely identify store assignment for repository candidate interface com.thaihoc.miniinsta.repository.NotificationRepository; If you want this repository to be a Redis repository, consider annotating your entities with one of these annotations: org.springframework.data.redis.core.RedisHash (preferred), or consider extending one of the following types with your repository: org.springframework.data.keyvalue.repository.KeyValueRepository
2025-03-08T23:45:54.781+07:00  INFO 21488 --- [miniinsta] [restartedMain] .RepositoryConfigurationExtensionSupport : Spring Data Redis - Could not safely identify store assignment for repository candidate interface com.thaihoc.miniinsta.repository.PostRepository; If you want this repository to be a Redis repository, consider annotating your entities with one of these annotations: org.springframework.data.redis.core.RedisHash (preferred), or consider extending one of the following types with your repository: org.springframework.data.keyvalue.repository.KeyValueRepository
2025-03-08T23:45:54.781+07:00  INFO 21488 --- [miniinsta] [restartedMain] .RepositoryConfigurationExtensionSupport : Spring Data Redis - Could not safely identify store assignment for repository candidate interface com.thaihoc.miniinsta.repository.ProfileRepository; If you want this repository to be a Redis repository, consider annotating your entities with one of these annotations: org.springframework.data.redis.core.RedisHash (preferred), or consider extending one of the following types with your repository: org.springframework.data.keyvalue.repository.KeyValueRepository
2025-03-08T23:45:54.782+07:00  INFO 21488 --- [miniinsta] [restartedMain] .RepositoryConfigurationExtensionSupport : Spring Data Redis - Could not safely identify store assignment for repository candidate interface com.thaihoc.miniinsta.repository.UserRepository; If you want this repository to be a Redis repository, consider annotating your entities with one of these annotations: org.springframework.data.redis.core.RedisHash (preferred), or consider extending one of the following types with your repository: org.springframework.data.keyvalue.repository.KeyValueRepository
2025-03-08T23:45:54.782+07:00  INFO 21488 --- [miniinsta] [restartedMain] .s.d.r.c.RepositoryConfigurationDelegate : Finished Spring Data repository scanning in 10 ms. Found 0 Redis repository interfaces.
2025-03-08T23:45:55.023+07:00  INFO 21488 --- [miniinsta] [restartedMain] o.s.b.w.embedded.tomcat.TomcatWebServer  : Tomcat initialized with port 8080 (http)
2025-03-08T23:45:55.024+07:00  INFO 21488 --- [miniinsta] [restartedMain] o.apache.catalina.core.StandardService   : Starting service [Tomcat]
2025-03-08T23:45:55.024+07:00  INFO 21488 --- [miniinsta] [restartedMain] o.apache.catalina.core.StandardEngine    : Starting Servlet engine: [Apache Tomcat/10.1.36]
2025-03-08T23:45:55.085+07:00  INFO 21488 --- [miniinsta] [restartedMain] o.a.c.c.C.[Tomcat].[localhost].[/]       : Initializing Spring embedded WebApplicationContext
2025-03-08T23:45:55.085+07:00  INFO 21488 --- [miniinsta] [restartedMain] w.s.c.ServletWebServerApplicationContext : Root WebApplicationContext: initialization completed in 1187 ms
2025-03-08T23:45:55.209+07:00 DEBUG 21488 --- [miniinsta] [restartedMain] o.s.w.f.CommonsRequestLoggingFilter      : Filter 'logFilter' configured for use
2025-03-08T23:45:55.280+07:00  INFO 21488 --- [miniinsta] [restartedMain] o.hibernate.jpa.internal.util.LogHelper  : HHH000204: Processing PersistenceUnitInfo [name: default]
2025-03-08T23:45:55.286+07:00  INFO 21488 --- [miniinsta] [restartedMain] o.h.c.internal.RegionFactoryInitiator    : HHH000026: Second-level cache disabled
2025-03-08T23:45:55.306+07:00  INFO 21488 --- [miniinsta] [restartedMain] o.s.o.j.p.SpringPersistenceUnitInfo      : No LoadTimeWeaver setup: ignoring JPA class transformer
2025-03-08T23:45:55.308+07:00  INFO 21488 --- [miniinsta] [restartedMain] com.zaxxer.hikari.HikariDataSource       : HikariPool-3 - Starting...
2025-03-08T23:45:55.331+07:00  INFO 21488 --- [miniinsta] [restartedMain] com.zaxxer.hikari.pool.HikariPool        : HikariPool-3 - Added connection com.mysql.cj.jdbc.ConnectionImpl@6877272b
2025-03-08T23:45:55.332+07:00  INFO 21488 --- [miniinsta] [restartedMain] com.zaxxer.hikari.HikariDataSource       : HikariPool-3 - Start completed.
2025-03-08T23:45:55.336+07:00  INFO 21488 --- [miniinsta] [restartedMain] org.hibernate.orm.connections.pooling    : HHH10001005: Database info:
	Database JDBC URL [Connecting through datasource 'HikariDataSource (HikariPool-3)']
	Database driver: undefined/unknown
	Database version: 8.0.37
	Autocommit mode: undefined/unknown
	Isolation level: undefined/unknown
	Minimum pool size: undefined/unknown
	Maximum pool size: undefined/unknown
2025-03-08T23:45:55.601+07:00  INFO 21488 --- [miniinsta] [restartedMain] o.h.e.t.j.p.i.JtaPlatformInitiator       : HHH000489: No JTA platform available (set 'hibernate.transaction.jta.platform' to enable JTA platform integration)
2025-03-08T23:45:55.689+07:00  INFO 21488 --- [miniinsta] [restartedMain] j.LocalContainerEntityManagerFactoryBean : Initialized JPA EntityManagerFactory for persistence unit 'default'
2025-03-08T23:45:56.414+07:00  WARN 21488 --- [miniinsta] [restartedMain] JpaBaseConfiguration$JpaWebConfiguration : spring.jpa.open-in-view is enabled by default. Therefore, database queries may be performed during view rendering. Explicitly configure spring.jpa.open-in-view to disable this warning
2025-03-08T23:45:56.489+07:00  INFO 21488 --- [miniinsta] [restartedMain] o.s.b.a.w.s.WelcomePageHandlerMapping    : Adding welcome page: class path resource [static/index.html]
2025-03-08T23:45:56.664+07:00  INFO 21488 --- [miniinsta] [restartedMain] o.s.b.a.e.web.EndpointLinksResolver      : Exposing 1 endpoint beneath base path '/actuator'
2025-03-08T23:45:56.685+07:00  WARN 21488 --- [miniinsta] [restartedMain] c.t.miniinsta.config.SecurityConfig      : Configuring http filterChain
2025-03-08T23:45:57.244+07:00  INFO 21488 --- [miniinsta] [restartedMain] o.s.b.d.a.OptionalLiveReloadServer       : LiveReload server is running on port 35729
2025-03-08T23:45:57.293+07:00  INFO 21488 --- [miniinsta] [restartedMain] o.s.m.s.s.StompBrokerRelayMessageHandler : Starting...
2025-03-08T23:45:57.321+07:00  INFO 21488 --- [miniinsta] [restartedMain] o.s.m.s.s.StompBrokerRelayMessageHandler : Starting "system" session, StompBrokerRelay[ReactorNettyTcpClient[reactor.netty.tcp.TcpClientConnect@281d231b]]
2025-03-08T23:45:57.323+07:00  INFO 21488 --- [miniinsta] [restartedMain] o.s.m.s.s.StompBrokerRelayMessageHandler : Started.
2025-03-08T23:45:57.329+07:00  INFO 21488 --- [miniinsta] [restartedMain] o.s.b.w.embedded.tomcat.TomcatWebServer  : Tomcat started on port 8080 (http) with context path '/'
2025-03-08T23:45:57.331+07:00  INFO 21488 --- [miniinsta] [restartedMain] o.s.a.r.c.CachingConnectionFactory       : Attempting to connect to: [localhost:5672]
2025-03-08T23:45:57.333+07:00  INFO 21488 --- [miniinsta] [tcp-client-scheduler-15] o.s.m.s.s.StompBrokerRelayMessageHandler : "System" session connected.
2025-03-08T23:45:57.334+07:00  INFO 21488 --- [miniinsta] [tcp-client-scheduler-15] o.s.m.s.s.StompBrokerRelayMessageHandler : BrokerAvailabilityEvent[available=true, StompBrokerRelay[ReactorNettyTcpClient[reactor.netty.tcp.TcpClientConnect@281d231b]]]
2025-03-08T23:45:57.346+07:00  INFO 21488 --- [miniinsta] [restartedMain] o.s.a.r.c.CachingConnectionFactory       : Created new connection: rabbitConnectionFactory#62f61641:0/SimpleConnection@47504ea4 [delegate=amqp://guest@127.0.0.1:5672/, localPort=52289]
2025-03-08T23:45:57.350+07:00  INFO 21488 --- [miniinsta] [restartedMain] o.s.amqp.rabbit.core.RabbitAdmin         : Auto-declaring a non-durable, auto-delete, or exclusive Queue (privateChatQueue) durable:false, auto-delete:false, exclusive:false. It will be redeclared if the broker stops and is restarted while the connection factory is alive, but all messages will be lost.
2025-03-08T23:45:57.404+07:00  INFO 21488 --- [miniinsta] [restartedMain] c.t.miniinsta.MiniinstaApplication       : Started MiniinstaApplication in 3.581 seconds (process running for 720.883)
2025-03-08T23:45:57.408+07:00  INFO 21488 --- [miniinsta] [restartedMain] .ConditionEvaluationDeltaLoggingListener : Condition evaluation unchanged
2025-03-08T23:46:49.005+07:00  INFO 21488 --- [miniinsta] [File Watcher] rtingClassPathChangeChangedEventListener : Restarting due to 1 class path change (0 additions, 0 deletions, 1 modification)
2025-03-08T23:46:49.011+07:00  INFO 21488 --- [miniinsta] [org.springframework.amqp.rabbit.RabbitListenerEndpointContainer#0-2] o.s.a.r.l.SimpleMessageListenerContainer : Waiting for workers to finish.
2025-03-08T23:46:49.808+07:00  INFO 21488 --- [miniinsta] [org.springframework.amqp.rabbit.RabbitListenerEndpointContainer#0-2] o.s.a.r.l.SimpleMessageListenerContainer : Successfully waited for workers to finish.
2025-03-08T23:46:49.810+07:00  INFO 21488 --- [miniinsta] [Thread-43] o.s.b.w.e.tomcat.GracefulShutdown        : Commencing graceful shutdown. Waiting for active requests to complete
2025-03-08T23:46:49.818+07:00  INFO 21488 --- [miniinsta] [tomcat-shutdown] o.s.b.w.e.tomcat.GracefulShutdown        : Graceful shutdown complete
2025-03-08T23:46:49.819+07:00  INFO 21488 --- [miniinsta] [Thread-43] o.s.m.s.s.StompBrokerRelayMessageHandler : Stopping...
2025-03-08T23:46:49.819+07:00  INFO 21488 --- [miniinsta] [Thread-43] o.s.m.s.s.StompBrokerRelayMessageHandler : BrokerAvailabilityEvent[available=false, StompBrokerRelay[ReactorNettyTcpClient[reactor.netty.tcp.TcpClientConnect@281d231b]]]
2025-03-08T23:46:49.825+07:00  INFO 21488 --- [miniinsta] [tcp-client-loop-nio-2] o.s.m.s.s.StompBrokerRelayMessageHandler : TCP connection failure in session _system_: Failed to connect: null

java.nio.channels.ClosedChannelException: null
	at io.netty.channel.nio.AbstractNioChannel.doClose(AbstractNioChannel.java:507) ~[netty-transport-4.1.118.Final.jar:4.1.118.Final]
	at io.netty.channel.socket.nio.NioSocketChannel.doClose(NioSocketChannel.java:348) ~[netty-transport-4.1.118.Final.jar:4.1.118.Final]
	at io.netty.channel.AbstractChannel$AbstractUnsafe.doClose0(AbstractChannel.java:752) ~[netty-transport-4.1.118.Final.jar:4.1.118.Final]
	at io.netty.channel.AbstractChannel$AbstractUnsafe.close(AbstractChannel.java:729) ~[netty-transport-4.1.118.Final.jar:4.1.118.Final]
	at io.netty.channel.AbstractChannel$AbstractUnsafe.close(AbstractChannel.java:619) ~[netty-transport-4.1.118.Final.jar:4.1.118.Final]
	at io.netty.channel.nio.NioEventLoop.closeAll(NioEventLoop.java:846) ~[netty-transport-4.1.118.Final.jar:4.1.118.Final]
	at io.netty.channel.nio.NioEventLoop.run(NioEventLoop.java:591) ~[netty-transport-4.1.118.Final.jar:4.1.118.Final]
	at io.netty.util.concurrent.SingleThreadEventExecutor$4.run(SingleThreadEventExecutor.java:998) ~[netty-common-4.1.118.Final.jar:4.1.118.Final]
	at io.netty.util.internal.ThreadExecutorMap$2.run(ThreadExecutorMap.java:74) ~[netty-common-4.1.118.Final.jar:4.1.118.Final]
	at io.netty.util.concurrent.FastThreadLocalRunnable.run(FastThreadLocalRunnable.java:30) ~[netty-common-4.1.118.Final.jar:4.1.118.Final]
	at java.base/java.lang.Thread.run(Thread.java:1583) ~[na:na]

2025-03-08T23:46:51.881+07:00  INFO 21488 --- [miniinsta] [Thread-43] o.s.m.s.s.StompBrokerRelayMessageHandler : Stopped.
2025-03-08T23:46:51.891+07:00  INFO 21488 --- [miniinsta] [Thread-43] j.LocalContainerEntityManagerFactoryBean : Closing JPA EntityManagerFactory for persistence unit 'default'
2025-03-08T23:46:51.893+07:00  INFO 21488 --- [miniinsta] [Thread-43] com.zaxxer.hikari.HikariDataSource       : HikariPool-3 - Shutdown initiated...
2025-03-08T23:46:51.899+07:00  INFO 21488 --- [miniinsta] [Thread-43] com.zaxxer.hikari.HikariDataSource       : HikariPool-3 - Shutdown completed.
2025-03-08T23:46:52.042+07:00  INFO 21488 --- [miniinsta] [restartedMain] c.t.miniinsta.MiniinstaApplication       : Starting MiniinstaApplication using Java 21.0.1 with PID 21488 (C:\Users\Admin\Downloads\Workspace\mini_insta\miniinsta\miniinsta\bin\main started by Admin in C:\Users\Admin\Downloads\Workspace\mini_insta\miniinsta\miniinsta)
2025-03-08T23:46:52.043+07:00  INFO 21488 --- [miniinsta] [restartedMain] c.t.miniinsta.MiniinstaApplication       : No active profile set, falling back to 1 default profile: "default"
2025-03-08T23:46:52.900+07:00  INFO 21488 --- [miniinsta] [restartedMain] .s.d.r.c.RepositoryConfigurationDelegate : Multiple Spring Data modules found, entering strict repository configuration mode
2025-03-08T23:46:52.900+07:00  INFO 21488 --- [miniinsta] [restartedMain] .s.d.r.c.RepositoryConfigurationDelegate : Bootstrapping Spring Data JPA repositories in DEFAULT mode.
2025-03-08T23:46:52.973+07:00  INFO 21488 --- [miniinsta] [restartedMain] .s.d.r.c.RepositoryConfigurationDelegate : Finished Spring Data repository scanning in 72 ms. Found 7 JPA repository interfaces.
2025-03-08T23:46:52.978+07:00  INFO 21488 --- [miniinsta] [restartedMain] .s.d.r.c.RepositoryConfigurationDelegate : Multiple Spring Data modules found, entering strict repository configuration mode
2025-03-08T23:46:52.979+07:00  INFO 21488 --- [miniinsta] [restartedMain] .s.d.r.c.RepositoryConfigurationDelegate : Bootstrapping Spring Data Redis repositories in DEFAULT mode.
2025-03-08T23:46:52.993+07:00  INFO 21488 --- [miniinsta] [restartedMain] .RepositoryConfigurationExtensionSupport : Spring Data Redis - Could not safely identify store assignment for repository candidate interface com.thaihoc.miniinsta.repository.ChatMessageRepository; If you want this repository to be a Redis repository, consider annotating your entities with one of these annotations: org.springframework.data.redis.core.RedisHash (preferred), or consider extending one of the following types with your repository: org.springframework.data.keyvalue.repository.KeyValueRepository
2025-03-08T23:46:52.994+07:00  INFO 21488 --- [miniinsta] [restartedMain] .RepositoryConfigurationExtensionSupport : Spring Data Redis - Could not safely identify store assignment for repository candidate interface com.thaihoc.miniinsta.repository.CommentRepository; If you want this repository to be a Redis repository, consider annotating your entities with one of these annotations: org.springframework.data.redis.core.RedisHash (preferred), or consider extending one of the following types with your repository: org.springframework.data.keyvalue.repository.KeyValueRepository
2025-03-08T23:46:52.995+07:00  INFO 21488 --- [miniinsta] [restartedMain] .RepositoryConfigurationExtensionSupport : Spring Data Redis - Could not safely identify store assignment for repository candidate interface com.thaihoc.miniinsta.repository.FollowerRepository; If you want this repository to be a Redis repository, consider annotating your entities with one of these annotations: org.springframework.data.redis.core.RedisHash (preferred), or consider extending one of the following types with your repository: org.springframework.data.keyvalue.repository.KeyValueRepository
2025-03-08T23:46:52.995+07:00  INFO 21488 --- [miniinsta] [restartedMain] .RepositoryConfigurationExtensionSupport : Spring Data Redis - Could not safely identify store assignment for repository candidate interface com.thaihoc.miniinsta.repository.NotificationRepository; If you want this repository to be a Redis repository, consider annotating your entities with one of these annotations: org.springframework.data.redis.core.RedisHash (preferred), or consider extending one of the following types with your repository: org.springframework.data.keyvalue.repository.KeyValueRepository
2025-03-08T23:46:52.996+07:00  INFO 21488 --- [miniinsta] [restartedMain] .RepositoryConfigurationExtensionSupport : Spring Data Redis - Could not safely identify store assignment for repository candidate interface com.thaihoc.miniinsta.repository.PostRepository; If you want this repository to be a Redis repository, consider annotating your entities with one of these annotations: org.springframework.data.redis.core.RedisHash (preferred), or consider extending one of the following types with your repository: org.springframework.data.keyvalue.repository.KeyValueRepository
2025-03-08T23:46:52.996+07:00  INFO 21488 --- [miniinsta] [restartedMain] .RepositoryConfigurationExtensionSupport : Spring Data Redis - Could not safely identify store assignment for repository candidate interface com.thaihoc.miniinsta.repository.ProfileRepository; If you want this repository to be a Redis repository, consider annotating your entities with one of these annotations: org.springframework.data.redis.core.RedisHash (preferred), or consider extending one of the following types with your repository: org.springframework.data.keyvalue.repository.KeyValueRepository
2025-03-08T23:46:52.998+07:00  INFO 21488 --- [miniinsta] [restartedMain] .RepositoryConfigurationExtensionSupport : Spring Data Redis - Could not safely identify store assignment for repository candidate interface com.thaihoc.miniinsta.repository.UserRepository; If you want this repository to be a Redis repository, consider annotating your entities with one of these annotations: org.springframework.data.redis.core.RedisHash (preferred), or consider extending one of the following types with your repository: org.springframework.data.keyvalue.repository.KeyValueRepository
2025-03-08T23:46:52.999+07:00  INFO 21488 --- [miniinsta] [restartedMain] .s.d.r.c.RepositoryConfigurationDelegate : Finished Spring Data repository scanning in 19 ms. Found 0 Redis repository interfaces.
2025-03-08T23:46:53.268+07:00  INFO 21488 --- [miniinsta] [restartedMain] o.s.b.w.embedded.tomcat.TomcatWebServer  : Tomcat initialized with port 8080 (http)
2025-03-08T23:46:53.269+07:00  INFO 21488 --- [miniinsta] [restartedMain] o.apache.catalina.core.StandardService   : Starting service [Tomcat]
2025-03-08T23:46:53.270+07:00  INFO 21488 --- [miniinsta] [restartedMain] o.apache.catalina.core.StandardEngine    : Starting Servlet engine: [Apache Tomcat/10.1.36]
2025-03-08T23:46:53.349+07:00  INFO 21488 --- [miniinsta] [restartedMain] o.a.c.c.C.[Tomcat].[localhost].[/]       : Initializing Spring embedded WebApplicationContext
2025-03-08T23:46:53.350+07:00  INFO 21488 --- [miniinsta] [restartedMain] w.s.c.ServletWebServerApplicationContext : Root WebApplicationContext: initialization completed in 1303 ms
2025-03-08T23:46:53.438+07:00 DEBUG 21488 --- [miniinsta] [restartedMain] o.s.w.f.CommonsRequestLoggingFilter      : Filter 'logFilter' configured for use
2025-03-08T23:46:53.499+07:00  INFO 21488 --- [miniinsta] [restartedMain] o.hibernate.jpa.internal.util.LogHelper  : HHH000204: Processing PersistenceUnitInfo [name: default]
2025-03-08T23:46:53.505+07:00  INFO 21488 --- [miniinsta] [restartedMain] o.h.c.internal.RegionFactoryInitiator    : HHH000026: Second-level cache disabled
2025-03-08T23:46:53.538+07:00  INFO 21488 --- [miniinsta] [restartedMain] o.s.o.j.p.SpringPersistenceUnitInfo      : No LoadTimeWeaver setup: ignoring JPA class transformer
2025-03-08T23:46:53.541+07:00  INFO 21488 --- [miniinsta] [restartedMain] com.zaxxer.hikari.HikariDataSource       : HikariPool-4 - Starting...
2025-03-08T23:46:53.654+07:00  INFO 21488 --- [miniinsta] [restartedMain] com.zaxxer.hikari.pool.HikariPool        : HikariPool-4 - Added connection com.mysql.cj.jdbc.ConnectionImpl@15a54eaf
2025-03-08T23:46:53.655+07:00  INFO 21488 --- [miniinsta] [restartedMain] com.zaxxer.hikari.HikariDataSource       : HikariPool-4 - Start completed.
2025-03-08T23:46:53.656+07:00  INFO 21488 --- [miniinsta] [restartedMain] org.hibernate.orm.connections.pooling    : HHH10001005: Database info:
	Database JDBC URL [Connecting through datasource 'HikariDataSource (HikariPool-4)']
	Database driver: undefined/unknown
	Database version: 8.0.37
	Autocommit mode: undefined/unknown
	Isolation level: undefined/unknown
	Minimum pool size: undefined/unknown
	Maximum pool size: undefined/unknown
2025-03-08T23:46:53.985+07:00  INFO 21488 --- [miniinsta] [restartedMain] o.h.e.t.j.p.i.JtaPlatformInitiator       : HHH000489: No JTA platform available (set 'hibernate.transaction.jta.platform' to enable JTA platform integration)
2025-03-08T23:46:54.077+07:00  INFO 21488 --- [miniinsta] [restartedMain] j.LocalContainerEntityManagerFactoryBean : Initialized JPA EntityManagerFactory for persistence unit 'default'
2025-03-08T23:46:54.686+07:00  WARN 21488 --- [miniinsta] [restartedMain] JpaBaseConfiguration$JpaWebConfiguration : spring.jpa.open-in-view is enabled by default. Therefore, database queries may be performed during view rendering. Explicitly configure spring.jpa.open-in-view to disable this warning
2025-03-08T23:46:54.758+07:00  INFO 21488 --- [miniinsta] [restartedMain] o.s.b.a.w.s.WelcomePageHandlerMapping    : Adding welcome page: class path resource [static/index.html]
2025-03-08T23:46:54.938+07:00  INFO 21488 --- [miniinsta] [restartedMain] o.s.b.a.e.web.EndpointLinksResolver      : Exposing 1 endpoint beneath base path '/actuator'
2025-03-08T23:46:54.955+07:00  WARN 21488 --- [miniinsta] [restartedMain] c.t.miniinsta.config.SecurityConfig      : Configuring http filterChain
2025-03-08T23:46:55.477+07:00  INFO 21488 --- [miniinsta] [restartedMain] o.s.b.d.a.OptionalLiveReloadServer       : LiveReload server is running on port 35729
2025-03-08T23:46:55.524+07:00  INFO 21488 --- [miniinsta] [restartedMain] o.s.m.s.s.StompBrokerRelayMessageHandler : Starting...
2025-03-08T23:46:55.567+07:00  INFO 21488 --- [miniinsta] [restartedMain] o.s.m.s.s.StompBrokerRelayMessageHandler : Starting "system" session, StompBrokerRelay[ReactorNettyTcpClient[reactor.netty.tcp.TcpClientConnect@5ef206fb]]
2025-03-08T23:46:55.570+07:00  INFO 21488 --- [miniinsta] [restartedMain] o.s.m.s.s.StompBrokerRelayMessageHandler : Started.
2025-03-08T23:46:55.576+07:00  INFO 21488 --- [miniinsta] [restartedMain] o.s.b.w.embedded.tomcat.TomcatWebServer  : Tomcat started on port 8080 (http) with context path '/'
2025-03-08T23:46:55.577+07:00  INFO 21488 --- [miniinsta] [restartedMain] o.s.a.r.c.CachingConnectionFactory       : Attempting to connect to: [localhost:5672]
2025-03-08T23:46:55.584+07:00  INFO 21488 --- [miniinsta] [tcp-client-scheduler-21] o.s.m.s.s.StompBrokerRelayMessageHandler : "System" session connected.
2025-03-08T23:46:55.585+07:00  INFO 21488 --- [miniinsta] [tcp-client-scheduler-21] o.s.m.s.s.StompBrokerRelayMessageHandler : BrokerAvailabilityEvent[available=true, StompBrokerRelay[ReactorNettyTcpClient[reactor.netty.tcp.TcpClientConnect@5ef206fb]]]
2025-03-08T23:46:55.589+07:00  INFO 21488 --- [miniinsta] [restartedMain] o.s.a.r.c.CachingConnectionFactory       : Created new connection: rabbitConnectionFactory#f096679:0/SimpleConnection@51a26f2 [delegate=amqp://guest@127.0.0.1:5672/, localPort=52373]
2025-03-08T23:46:55.592+07:00  INFO 21488 --- [miniinsta] [restartedMain] o.s.amqp.rabbit.core.RabbitAdmin         : Auto-declaring a non-durable, auto-delete, or exclusive Queue (privateChatQueue) durable:false, auto-delete:false, exclusive:false. It will be redeclared if the broker stops and is restarted while the connection factory is alive, but all messages will be lost.
2025-03-08T23:46:55.627+07:00  INFO 21488 --- [miniinsta] [restartedMain] c.t.miniinsta.MiniinstaApplication       : Started MiniinstaApplication in 3.636 seconds (process running for 779.106)
2025-03-08T23:46:55.631+07:00  INFO 21488 --- [miniinsta] [restartedMain] .ConditionEvaluationDeltaLoggingListener : Condition evaluation unchanged
2025-03-08T23:46:56.990+07:00  INFO 21488 --- [miniinsta] [File Watcher] rtingClassPathChangeChangedEventListener : Restarting due to 1 class path change (0 additions, 0 deletions, 1 modification)
2025-03-08T23:46:56.994+07:00  INFO 21488 --- [miniinsta] [org.springframework.amqp.rabbit.RabbitListenerEndpointContainer#0-2] o.s.a.r.l.SimpleMessageListenerContainer : Waiting for workers to finish.
2025-03-08T23:46:57.624+07:00  INFO 21488 --- [miniinsta] [org.springframework.amqp.rabbit.RabbitListenerEndpointContainer#0-2] o.s.a.r.l.SimpleMessageListenerContainer : Successfully waited for workers to finish.
2025-03-08T23:46:57.625+07:00  INFO 21488 --- [miniinsta] [Thread-63] o.s.b.w.e.tomcat.GracefulShutdown        : Commencing graceful shutdown. Waiting for active requests to complete
2025-03-08T23:46:57.633+07:00  INFO 21488 --- [miniinsta] [tomcat-shutdown] o.s.b.w.e.tomcat.GracefulShutdown        : Graceful shutdown complete
2025-03-08T23:46:57.635+07:00  INFO 21488 --- [miniinsta] [Thread-63] o.s.m.s.s.StompBrokerRelayMessageHandler : Stopping...
2025-03-08T23:46:57.635+07:00  INFO 21488 --- [miniinsta] [Thread-63] o.s.m.s.s.StompBrokerRelayMessageHandler : BrokerAvailabilityEvent[available=false, StompBrokerRelay[ReactorNettyTcpClient[reactor.netty.tcp.TcpClientConnect@5ef206fb]]]
2025-03-08T23:46:59.749+07:00  INFO 21488 --- [miniinsta] [Thread-63] o.s.m.s.s.StompBrokerRelayMessageHandler : Stopped.
2025-03-08T23:46:59.760+07:00  INFO 21488 --- [miniinsta] [Thread-63] j.LocalContainerEntityManagerFactoryBean : Closing JPA EntityManagerFactory for persistence unit 'default'
2025-03-08T23:46:59.761+07:00  INFO 21488 --- [miniinsta] [Thread-63] com.zaxxer.hikari.HikariDataSource       : HikariPool-4 - Shutdown initiated...
2025-03-08T23:46:59.771+07:00  INFO 21488 --- [miniinsta] [Thread-63] com.zaxxer.hikari.HikariDataSource       : HikariPool-4 - Shutdown completed.
2025-03-08T23:46:59.933+07:00  INFO 21488 --- [miniinsta] [restartedMain] c.t.miniinsta.MiniinstaApplication       : Starting MiniinstaApplication using Java 21.0.1 with PID 21488 (C:\Users\Admin\Downloads\Workspace\mini_insta\miniinsta\miniinsta\bin\main started by Admin in C:\Users\Admin\Downloads\Workspace\mini_insta\miniinsta\miniinsta)
2025-03-08T23:46:59.933+07:00  INFO 21488 --- [miniinsta] [restartedMain] c.t.miniinsta.MiniinstaApplication       : No active profile set, falling back to 1 default profile: "default"
2025-03-08T23:47:00.668+07:00  INFO 21488 --- [miniinsta] [restartedMain] .s.d.r.c.RepositoryConfigurationDelegate : Multiple Spring Data modules found, entering strict repository configuration mode
2025-03-08T23:47:00.669+07:00  INFO 21488 --- [miniinsta] [restartedMain] .s.d.r.c.RepositoryConfigurationDelegate : Bootstrapping Spring Data JPA repositories in DEFAULT mode.
2025-03-08T23:47:00.735+07:00  INFO 21488 --- [miniinsta] [restartedMain] .s.d.r.c.RepositoryConfigurationDelegate : Finished Spring Data repository scanning in 63 ms. Found 7 JPA repository interfaces.
2025-03-08T23:47:00.740+07:00  INFO 21488 --- [miniinsta] [restartedMain] .s.d.r.c.RepositoryConfigurationDelegate : Multiple Spring Data modules found, entering strict repository configuration mode
2025-03-08T23:47:00.740+07:00  INFO 21488 --- [miniinsta] [restartedMain] .s.d.r.c.RepositoryConfigurationDelegate : Bootstrapping Spring Data Redis repositories in DEFAULT mode.
2025-03-08T23:47:00.752+07:00  INFO 21488 --- [miniinsta] [restartedMain] .RepositoryConfigurationExtensionSupport : Spring Data Redis - Could not safely identify store assignment for repository candidate interface com.thaihoc.miniinsta.repository.ChatMessageRepository; If you want this repository to be a Redis repository, consider annotating your entities with one of these annotations: org.springframework.data.redis.core.RedisHash (preferred), or consider extending one of the following types with your repository: org.springframework.data.keyvalue.repository.KeyValueRepository
2025-03-08T23:47:00.753+07:00  INFO 21488 --- [miniinsta] [restartedMain] .RepositoryConfigurationExtensionSupport : Spring Data Redis - Could not safely identify store assignment for repository candidate interface com.thaihoc.miniinsta.repository.CommentRepository; If you want this repository to be a Redis repository, consider annotating your entities with one of these annotations: org.springframework.data.redis.core.RedisHash (preferred), or consider extending one of the following types with your repository: org.springframework.data.keyvalue.repository.KeyValueRepository
2025-03-08T23:47:00.755+07:00  INFO 21488 --- [miniinsta] [restartedMain] .RepositoryConfigurationExtensionSupport : Spring Data Redis - Could not safely identify store assignment for repository candidate interface com.thaihoc.miniinsta.repository.FollowerRepository; If you want this repository to be a Redis repository, consider annotating your entities with one of these annotations: org.springframework.data.redis.core.RedisHash (preferred), or consider extending one of the following types with your repository: org.springframework.data.keyvalue.repository.KeyValueRepository
2025-03-08T23:47:00.756+07:00  INFO 21488 --- [miniinsta] [restartedMain] .RepositoryConfigurationExtensionSupport : Spring Data Redis - Could not safely identify store assignment for repository candidate interface com.thaihoc.miniinsta.repository.NotificationRepository; If you want this repository to be a Redis repository, consider annotating your entities with one of these annotations: org.springframework.data.redis.core.RedisHash (preferred), or consider extending one of the following types with your repository: org.springframework.data.keyvalue.repository.KeyValueRepository
2025-03-08T23:47:00.756+07:00  INFO 21488 --- [miniinsta] [restartedMain] .RepositoryConfigurationExtensionSupport : Spring Data Redis - Could not safely identify store assignment for repository candidate interface com.thaihoc.miniinsta.repository.PostRepository; If you want this repository to be a Redis repository, consider annotating your entities with one of these annotations: org.springframework.data.redis.core.RedisHash (preferred), or consider extending one of the following types with your repository: org.springframework.data.keyvalue.repository.KeyValueRepository
2025-03-08T23:47:00.758+07:00  INFO 21488 --- [miniinsta] [restartedMain] .RepositoryConfigurationExtensionSupport : Spring Data Redis - Could not safely identify store assignment for repository candidate interface com.thaihoc.miniinsta.repository.ProfileRepository; If you want this repository to be a Redis repository, consider annotating your entities with one of these annotations: org.springframework.data.redis.core.RedisHash (preferred), or consider extending one of the following types with your repository: org.springframework.data.keyvalue.repository.KeyValueRepository
2025-03-08T23:47:00.759+07:00  INFO 21488 --- [miniinsta] [restartedMain] .RepositoryConfigurationExtensionSupport : Spring Data Redis - Could not safely identify store assignment for repository candidate interface com.thaihoc.miniinsta.repository.UserRepository; If you want this repository to be a Redis repository, consider annotating your entities with one of these annotations: org.springframework.data.redis.core.RedisHash (preferred), or consider extending one of the following types with your repository: org.springframework.data.keyvalue.repository.KeyValueRepository
2025-03-08T23:47:00.759+07:00  INFO 21488 --- [miniinsta] [restartedMain] .s.d.r.c.RepositoryConfigurationDelegate : Finished Spring Data repository scanning in 16 ms. Found 0 Redis repository interfaces.
2025-03-08T23:47:00.980+07:00  INFO 21488 --- [miniinsta] [restartedMain] o.s.b.w.embedded.tomcat.TomcatWebServer  : Tomcat initialized with port 8080 (http)
2025-03-08T23:47:00.981+07:00  INFO 21488 --- [miniinsta] [restartedMain] o.apache.catalina.core.StandardService   : Starting service [Tomcat]
2025-03-08T23:47:00.982+07:00  INFO 21488 --- [miniinsta] [restartedMain] o.apache.catalina.core.StandardEngine    : Starting Servlet engine: [Apache Tomcat/10.1.36]
2025-03-08T23:47:01.045+07:00  INFO 21488 --- [miniinsta] [restartedMain] o.a.c.c.C.[Tomcat].[localhost].[/]       : Initializing Spring embedded WebApplicationContext
2025-03-08T23:47:01.046+07:00  INFO 21488 --- [miniinsta] [restartedMain] w.s.c.ServletWebServerApplicationContext : Root WebApplicationContext: initialization completed in 1109 ms
2025-03-08T23:47:01.153+07:00 DEBUG 21488 --- [miniinsta] [restartedMain] o.s.w.f.CommonsRequestLoggingFilter      : Filter 'logFilter' configured for use
2025-03-08T23:47:01.207+07:00  INFO 21488 --- [miniinsta] [restartedMain] o.hibernate.jpa.internal.util.LogHelper  : HHH000204: Processing PersistenceUnitInfo [name: default]
2025-03-08T23:47:01.213+07:00  INFO 21488 --- [miniinsta] [restartedMain] o.h.c.internal.RegionFactoryInitiator    : HHH000026: Second-level cache disabled
2025-03-08T23:47:01.229+07:00  INFO 21488 --- [miniinsta] [restartedMain] o.s.o.j.p.SpringPersistenceUnitInfo      : No LoadTimeWeaver setup: ignoring JPA class transformer
2025-03-08T23:47:01.232+07:00  INFO 21488 --- [miniinsta] [restartedMain] com.zaxxer.hikari.HikariDataSource       : HikariPool-5 - Starting...
2025-03-08T23:47:01.254+07:00  INFO 21488 --- [miniinsta] [restartedMain] com.zaxxer.hikari.pool.HikariPool        : HikariPool-5 - Added connection com.mysql.cj.jdbc.ConnectionImpl@7e36dadb
2025-03-08T23:47:01.254+07:00  INFO 21488 --- [miniinsta] [restartedMain] com.zaxxer.hikari.HikariDataSource       : HikariPool-5 - Start completed.
2025-03-08T23:47:01.257+07:00  INFO 21488 --- [miniinsta] [restartedMain] org.hibernate.orm.connections.pooling    : HHH10001005: Database info:
	Database JDBC URL [Connecting through datasource 'HikariDataSource (HikariPool-5)']
	Database driver: undefined/unknown
	Database version: 8.0.37
	Autocommit mode: undefined/unknown
	Isolation level: undefined/unknown
	Minimum pool size: undefined/unknown
	Maximum pool size: undefined/unknown
2025-03-08T23:47:01.494+07:00  INFO 21488 --- [miniinsta] [restartedMain] o.h.e.t.j.p.i.JtaPlatformInitiator       : HHH000489: No JTA platform available (set 'hibernate.transaction.jta.platform' to enable JTA platform integration)
2025-03-08T23:47:01.568+07:00  INFO 21488 --- [miniinsta] [restartedMain] j.LocalContainerEntityManagerFactoryBean : Initialized JPA EntityManagerFactory for persistence unit 'default'
2025-03-08T23:47:02.248+07:00  WARN 21488 --- [miniinsta] [restartedMain] JpaBaseConfiguration$JpaWebConfiguration : spring.jpa.open-in-view is enabled by default. Therefore, database queries may be performed during view rendering. Explicitly configure spring.jpa.open-in-view to disable this warning
2025-03-08T23:47:02.324+07:00  INFO 21488 --- [miniinsta] [restartedMain] o.s.b.a.w.s.WelcomePageHandlerMapping    : Adding welcome page: class path resource [static/index.html]
2025-03-08T23:47:02.513+07:00  INFO 21488 --- [miniinsta] [restartedMain] o.s.b.a.e.web.EndpointLinksResolver      : Exposing 1 endpoint beneath base path '/actuator'
2025-03-08T23:47:02.538+07:00  WARN 21488 --- [miniinsta] [restartedMain] c.t.miniinsta.config.SecurityConfig      : Configuring http filterChain
2025-03-08T23:47:03.055+07:00  INFO 21488 --- [miniinsta] [restartedMain] o.s.b.d.a.OptionalLiveReloadServer       : LiveReload server is running on port 35729
2025-03-08T23:47:03.081+07:00  INFO 21488 --- [miniinsta] [restartedMain] o.s.m.s.s.StompBrokerRelayMessageHandler : Starting...
2025-03-08T23:47:03.117+07:00  INFO 21488 --- [miniinsta] [restartedMain] o.s.m.s.s.StompBrokerRelayMessageHandler : Starting "system" session, StompBrokerRelay[ReactorNettyTcpClient[reactor.netty.tcp.TcpClientConnect@1c09d27e]]
2025-03-08T23:47:03.119+07:00  INFO 21488 --- [miniinsta] [restartedMain] o.s.m.s.s.StompBrokerRelayMessageHandler : Started.
2025-03-08T23:47:03.124+07:00  INFO 21488 --- [miniinsta] [restartedMain] o.s.b.w.embedded.tomcat.TomcatWebServer  : Tomcat started on port 8080 (http) with context path '/'
2025-03-08T23:47:03.126+07:00  INFO 21488 --- [miniinsta] [restartedMain] o.s.a.r.c.CachingConnectionFactory       : Attempting to connect to: [localhost:5672]
2025-03-08T23:47:03.129+07:00  INFO 21488 --- [miniinsta] [tcp-client-scheduler-26] o.s.m.s.s.StompBrokerRelayMessageHandler : "System" session connected.
2025-03-08T23:47:03.129+07:00  INFO 21488 --- [miniinsta] [tcp-client-scheduler-26] o.s.m.s.s.StompBrokerRelayMessageHandler : BrokerAvailabilityEvent[available=true, StompBrokerRelay[ReactorNettyTcpClient[reactor.netty.tcp.TcpClientConnect@1c09d27e]]]
2025-03-08T23:47:03.136+07:00  INFO 21488 --- [miniinsta] [restartedMain] o.s.a.r.c.CachingConnectionFactory       : Created new connection: rabbitConnectionFactory#7f5770bc:0/SimpleConnection@23d99779 [delegate=amqp://guest@127.0.0.1:5672/, localPort=52391]
2025-03-08T23:47:03.137+07:00  INFO 21488 --- [miniinsta] [restartedMain] o.s.amqp.rabbit.core.RabbitAdmin         : Auto-declaring a non-durable, auto-delete, or exclusive Queue (privateChatQueue) durable:false, auto-delete:false, exclusive:false. It will be redeclared if the broker stops and is restarted while the connection factory is alive, but all messages will be lost.
2025-03-08T23:47:03.154+07:00  INFO 21488 --- [miniinsta] [restartedMain] c.t.miniinsta.MiniinstaApplication       : Started MiniinstaApplication in 3.275 seconds (process running for 786.633)
2025-03-08T23:47:03.157+07:00  INFO 21488 --- [miniinsta] [restartedMain] .ConditionEvaluationDeltaLoggingListener : Condition evaluation unchanged
2025-03-08T23:47:39.242+07:00  INFO 21488 --- [miniinsta] [File Watcher] rtingClassPathChangeChangedEventListener : Restarting due to 1 class path change (0 additions, 0 deletions, 1 modification)
2025-03-08T23:47:39.248+07:00  INFO 21488 --- [miniinsta] [org.springframework.amqp.rabbit.RabbitListenerEndpointContainer#0-2] o.s.a.r.l.SimpleMessageListenerContainer : Waiting for workers to finish.
2025-03-08T23:47:39.504+07:00  INFO 21488 --- [miniinsta] [org.springframework.amqp.rabbit.RabbitListenerEndpointContainer#0-2] o.s.a.r.l.SimpleMessageListenerContainer : Successfully waited for workers to finish.
2025-03-08T23:47:39.504+07:00  INFO 21488 --- [miniinsta] [Thread-83] o.s.b.w.e.tomcat.GracefulShutdown        : Commencing graceful shutdown. Waiting for active requests to complete
2025-03-08T23:47:39.512+07:00  INFO 21488 --- [miniinsta] [tomcat-shutdown] o.s.b.w.e.tomcat.GracefulShutdown        : Graceful shutdown complete
2025-03-08T23:47:39.514+07:00  INFO 21488 --- [miniinsta] [Thread-83] o.s.m.s.s.StompBrokerRelayMessageHandler : Stopping...
2025-03-08T23:47:39.515+07:00  INFO 21488 --- [miniinsta] [Thread-83] o.s.m.s.s.StompBrokerRelayMessageHandler : BrokerAvailabilityEvent[available=false, StompBrokerRelay[ReactorNettyTcpClient[reactor.netty.tcp.TcpClientConnect@1c09d27e]]]
2025-03-08T23:47:39.518+07:00  INFO 21488 --- [miniinsta] [tcp-client-loop-nio-2] o.s.m.s.s.StompBrokerRelayMessageHandler : TCP connection failure in session _system_: Failed to connect: null

java.nio.channels.ClosedChannelException: null
	at io.netty.channel.nio.AbstractNioChannel.doClose(AbstractNioChannel.java:507) ~[netty-transport-4.1.118.Final.jar:4.1.118.Final]
	at io.netty.channel.socket.nio.NioSocketChannel.doClose(NioSocketChannel.java:348) ~[netty-transport-4.1.118.Final.jar:4.1.118.Final]
	at io.netty.channel.AbstractChannel$AbstractUnsafe.doClose0(AbstractChannel.java:752) ~[netty-transport-4.1.118.Final.jar:4.1.118.Final]
	at io.netty.channel.AbstractChannel$AbstractUnsafe.close(AbstractChannel.java:729) ~[netty-transport-4.1.118.Final.jar:4.1.118.Final]
	at io.netty.channel.AbstractChannel$AbstractUnsafe.close(AbstractChannel.java:619) ~[netty-transport-4.1.118.Final.jar:4.1.118.Final]
	at io.netty.channel.nio.NioEventLoop.closeAll(NioEventLoop.java:846) ~[netty-transport-4.1.118.Final.jar:4.1.118.Final]
	at io.netty.channel.nio.NioEventLoop.run(NioEventLoop.java:591) ~[netty-transport-4.1.118.Final.jar:4.1.118.Final]
	at io.netty.util.concurrent.SingleThreadEventExecutor$4.run(SingleThreadEventExecutor.java:998) ~[netty-common-4.1.118.Final.jar:4.1.118.Final]
	at io.netty.util.internal.ThreadExecutorMap$2.run(ThreadExecutorMap.java:74) ~[netty-common-4.1.118.Final.jar:4.1.118.Final]
	at io.netty.util.concurrent.FastThreadLocalRunnable.run(FastThreadLocalRunnable.java:30) ~[netty-common-4.1.118.Final.jar:4.1.118.Final]
	at java.base/java.lang.Thread.run(Thread.java:1583) ~[na:na]

2025-03-08T23:47:41.584+07:00  INFO 21488 --- [miniinsta] [Thread-83] o.s.m.s.s.StompBrokerRelayMessageHandler : Stopped.
2025-03-08T23:47:41.594+07:00  INFO 21488 --- [miniinsta] [Thread-83] j.LocalContainerEntityManagerFactoryBean : Closing JPA EntityManagerFactory for persistence unit 'default'
2025-03-08T23:47:41.596+07:00  INFO 21488 --- [miniinsta] [Thread-83] com.zaxxer.hikari.HikariDataSource       : HikariPool-5 - Shutdown initiated...
2025-03-08T23:47:41.601+07:00  INFO 21488 --- [miniinsta] [Thread-83] com.zaxxer.hikari.HikariDataSource       : HikariPool-5 - Shutdown completed.
2025-03-08T23:47:41.753+07:00  INFO 21488 --- [miniinsta] [restartedMain] c.t.miniinsta.MiniinstaApplication       : Starting MiniinstaApplication using Java 21.0.1 with PID 21488 (C:\Users\Admin\Downloads\Workspace\mini_insta\miniinsta\miniinsta\bin\main started by Admin in C:\Users\Admin\Downloads\Workspace\mini_insta\miniinsta\miniinsta)
2025-03-08T23:47:41.754+07:00  INFO 21488 --- [miniinsta] [restartedMain] c.t.miniinsta.MiniinstaApplication       : No active profile set, falling back to 1 default profile: "default"
2025-03-08T23:47:42.557+07:00  INFO 21488 --- [miniinsta] [restartedMain] .s.d.r.c.RepositoryConfigurationDelegate : Multiple Spring Data modules found, entering strict repository configuration mode
2025-03-08T23:47:42.557+07:00  INFO 21488 --- [miniinsta] [restartedMain] .s.d.r.c.RepositoryConfigurationDelegate : Bootstrapping Spring Data JPA repositories in DEFAULT mode.
2025-03-08T23:47:42.621+07:00  INFO 21488 --- [miniinsta] [restartedMain] .s.d.r.c.RepositoryConfigurationDelegate : Finished Spring Data repository scanning in 62 ms. Found 7 JPA repository interfaces.
2025-03-08T23:47:42.627+07:00  INFO 21488 --- [miniinsta] [restartedMain] .s.d.r.c.RepositoryConfigurationDelegate : Multiple Spring Data modules found, entering strict repository configuration mode
2025-03-08T23:47:42.627+07:00  INFO 21488 --- [miniinsta] [restartedMain] .s.d.r.c.RepositoryConfigurationDelegate : Bootstrapping Spring Data Redis repositories in DEFAULT mode.
2025-03-08T23:47:42.639+07:00  INFO 21488 --- [miniinsta] [restartedMain] .RepositoryConfigurationExtensionSupport : Spring Data Redis - Could not safely identify store assignment for repository candidate interface com.thaihoc.miniinsta.repository.ChatMessageRepository; If you want this repository to be a Redis repository, consider annotating your entities with one of these annotations: org.springframework.data.redis.core.RedisHash (preferred), or consider extending one of the following types with your repository: org.springframework.data.keyvalue.repository.KeyValueRepository
2025-03-08T23:47:42.641+07:00  INFO 21488 --- [miniinsta] [restartedMain] .RepositoryConfigurationExtensionSupport : Spring Data Redis - Could not safely identify store assignment for repository candidate interface com.thaihoc.miniinsta.repository.CommentRepository; If you want this repository to be a Redis repository, consider annotating your entities with one of these annotations: org.springframework.data.redis.core.RedisHash (preferred), or consider extending one of the following types with your repository: org.springframework.data.keyvalue.repository.KeyValueRepository
2025-03-08T23:47:42.641+07:00  INFO 21488 --- [miniinsta] [restartedMain] .RepositoryConfigurationExtensionSupport : Spring Data Redis - Could not safely identify store assignment for repository candidate interface com.thaihoc.miniinsta.repository.FollowerRepository; If you want this repository to be a Redis repository, consider annotating your entities with one of these annotations: org.springframework.data.redis.core.RedisHash (preferred), or consider extending one of the following types with your repository: org.springframework.data.keyvalue.repository.KeyValueRepository
2025-03-08T23:47:42.641+07:00  INFO 21488 --- [miniinsta] [restartedMain] .RepositoryConfigurationExtensionSupport : Spring Data Redis - Could not safely identify store assignment for repository candidate interface com.thaihoc.miniinsta.repository.NotificationRepository; If you want this repository to be a Redis repository, consider annotating your entities with one of these annotations: org.springframework.data.redis.core.RedisHash (preferred), or consider extending one of the following types with your repository: org.springframework.data.keyvalue.repository.KeyValueRepository
2025-03-08T23:47:42.642+07:00  INFO 21488 --- [miniinsta] [restartedMain] .RepositoryConfigurationExtensionSupport : Spring Data Redis - Could not safely identify store assignment for repository candidate interface com.thaihoc.miniinsta.repository.PostRepository; If you want this repository to be a Redis repository, consider annotating your entities with one of these annotations: org.springframework.data.redis.core.RedisHash (preferred), or consider extending one of the following types with your repository: org.springframework.data.keyvalue.repository.KeyValueRepository
2025-03-08T23:47:42.642+07:00  INFO 21488 --- [miniinsta] [restartedMain] .RepositoryConfigurationExtensionSupport : Spring Data Redis - Could not safely identify store assignment for repository candidate interface com.thaihoc.miniinsta.repository.ProfileRepository; If you want this repository to be a Redis repository, consider annotating your entities with one of these annotations: org.springframework.data.redis.core.RedisHash (preferred), or consider extending one of the following types with your repository: org.springframework.data.keyvalue.repository.KeyValueRepository
2025-03-08T23:47:42.643+07:00  INFO 21488 --- [miniinsta] [restartedMain] .RepositoryConfigurationExtensionSupport : Spring Data Redis - Could not safely identify store assignment for repository candidate interface com.thaihoc.miniinsta.repository.UserRepository; If you want this repository to be a Redis repository, consider annotating your entities with one of these annotations: org.springframework.data.redis.core.RedisHash (preferred), or consider extending one of the following types with your repository: org.springframework.data.keyvalue.repository.KeyValueRepository
2025-03-08T23:47:42.643+07:00  INFO 21488 --- [miniinsta] [restartedMain] .s.d.r.c.RepositoryConfigurationDelegate : Finished Spring Data repository scanning in 13 ms. Found 0 Redis repository interfaces.
2025-03-08T23:47:42.880+07:00  INFO 21488 --- [miniinsta] [restartedMain] o.s.b.w.embedded.tomcat.TomcatWebServer  : Tomcat initialized with port 8080 (http)
2025-03-08T23:47:42.881+07:00  INFO 21488 --- [miniinsta] [restartedMain] o.apache.catalina.core.StandardService   : Starting service [Tomcat]
2025-03-08T23:47:42.882+07:00  INFO 21488 --- [miniinsta] [restartedMain] o.apache.catalina.core.StandardEngine    : Starting Servlet engine: [Apache Tomcat/10.1.36]
2025-03-08T23:47:42.932+07:00  INFO 21488 --- [miniinsta] [restartedMain] o.a.c.c.C.[Tomcat].[localhost].[/]       : Initializing Spring embedded WebApplicationContext
2025-03-08T23:47:42.933+07:00  INFO 21488 --- [miniinsta] [restartedMain] w.s.c.ServletWebServerApplicationContext : Root WebApplicationContext: initialization completed in 1176 ms
2025-03-08T23:47:43.052+07:00 DEBUG 21488 --- [miniinsta] [restartedMain] o.s.w.f.CommonsRequestLoggingFilter      : Filter 'logFilter' configured for use
2025-03-08T23:47:43.113+07:00  INFO 21488 --- [miniinsta] [restartedMain] o.hibernate.jpa.internal.util.LogHelper  : HHH000204: Processing PersistenceUnitInfo [name: default]
2025-03-08T23:47:43.118+07:00  INFO 21488 --- [miniinsta] [restartedMain] o.h.c.internal.RegionFactoryInitiator    : HHH000026: Second-level cache disabled
2025-03-08T23:47:43.136+07:00  INFO 21488 --- [miniinsta] [restartedMain] o.s.o.j.p.SpringPersistenceUnitInfo      : No LoadTimeWeaver setup: ignoring JPA class transformer
2025-03-08T23:47:43.138+07:00  INFO 21488 --- [miniinsta] [restartedMain] com.zaxxer.hikari.HikariDataSource       : HikariPool-6 - Starting...
2025-03-08T23:47:43.159+07:00  INFO 21488 --- [miniinsta] [restartedMain] com.zaxxer.hikari.pool.HikariPool        : HikariPool-6 - Added connection com.mysql.cj.jdbc.ConnectionImpl@1333d001
2025-03-08T23:47:43.160+07:00  INFO 21488 --- [miniinsta] [restartedMain] com.zaxxer.hikari.HikariDataSource       : HikariPool-6 - Start completed.
2025-03-08T23:47:43.162+07:00  INFO 21488 --- [miniinsta] [restartedMain] org.hibernate.orm.connections.pooling    : HHH10001005: Database info:
	Database JDBC URL [Connecting through datasource 'HikariDataSource (HikariPool-6)']
	Database driver: undefined/unknown
	Database version: 8.0.37
	Autocommit mode: undefined/unknown
	Isolation level: undefined/unknown
	Minimum pool size: undefined/unknown
	Maximum pool size: undefined/unknown
2025-03-08T23:47:43.344+07:00  INFO 21488 --- [miniinsta] [restartedMain] o.h.e.t.j.p.i.JtaPlatformInitiator       : HHH000489: No JTA platform available (set 'hibernate.transaction.jta.platform' to enable JTA platform integration)
2025-03-08T23:47:43.407+07:00  INFO 21488 --- [miniinsta] [restartedMain] j.LocalContainerEntityManagerFactoryBean : Initialized JPA EntityManagerFactory for persistence unit 'default'
2025-03-08T23:47:44.095+07:00  WARN 21488 --- [miniinsta] [restartedMain] JpaBaseConfiguration$JpaWebConfiguration : spring.jpa.open-in-view is enabled by default. Therefore, database queries may be performed during view rendering. Explicitly configure spring.jpa.open-in-view to disable this warning
2025-03-08T23:47:44.177+07:00  INFO 21488 --- [miniinsta] [restartedMain] o.s.b.a.w.s.WelcomePageHandlerMapping    : Adding welcome page: class path resource [static/index.html]
2025-03-08T23:47:44.457+07:00  INFO 21488 --- [miniinsta] [restartedMain] o.s.b.a.e.web.EndpointLinksResolver      : Exposing 1 endpoint beneath base path '/actuator'
2025-03-08T23:47:44.480+07:00  WARN 21488 --- [miniinsta] [restartedMain] c.t.miniinsta.config.SecurityConfig      : Configuring http filterChain
2025-03-08T23:47:45.019+07:00  INFO 21488 --- [miniinsta] [restartedMain] o.s.b.d.a.OptionalLiveReloadServer       : LiveReload server is running on port 35729
2025-03-08T23:47:45.055+07:00  INFO 21488 --- [miniinsta] [restartedMain] o.s.m.s.s.StompBrokerRelayMessageHandler : Starting...
2025-03-08T23:47:45.081+07:00  INFO 21488 --- [miniinsta] [restartedMain] o.s.m.s.s.StompBrokerRelayMessageHandler : Starting "system" session, StompBrokerRelay[ReactorNettyTcpClient[reactor.netty.tcp.TcpClientConnect@10d6b095]]
2025-03-08T23:47:45.082+07:00  INFO 21488 --- [miniinsta] [restartedMain] o.s.m.s.s.StompBrokerRelayMessageHandler : Started.
2025-03-08T23:47:45.088+07:00  INFO 21488 --- [miniinsta] [restartedMain] o.s.b.w.embedded.tomcat.TomcatWebServer  : Tomcat started on port 8080 (http) with context path '/'
2025-03-08T23:47:45.091+07:00  INFO 21488 --- [miniinsta] [restartedMain] o.s.a.r.c.CachingConnectionFactory       : Attempting to connect to: [localhost:5672]
2025-03-08T23:47:45.092+07:00  INFO 21488 --- [miniinsta] [tcp-client-scheduler-32] o.s.m.s.s.StompBrokerRelayMessageHandler : "System" session connected.
2025-03-08T23:47:45.093+07:00  INFO 21488 --- [miniinsta] [tcp-client-scheduler-32] o.s.m.s.s.StompBrokerRelayMessageHandler : BrokerAvailabilityEvent[available=true, StompBrokerRelay[ReactorNettyTcpClient[reactor.netty.tcp.TcpClientConnect@10d6b095]]]
2025-03-08T23:47:45.100+07:00  INFO 21488 --- [miniinsta] [restartedMain] o.s.a.r.c.CachingConnectionFactory       : Created new connection: rabbitConnectionFactory#619ffb03:0/SimpleConnection@34800fc6 [delegate=amqp://guest@127.0.0.1:5672/, localPort=52415]
2025-03-08T23:47:45.102+07:00  INFO 21488 --- [miniinsta] [restartedMain] o.s.amqp.rabbit.core.RabbitAdmin         : Auto-declaring a non-durable, auto-delete, or exclusive Queue (privateChatQueue) durable:false, auto-delete:false, exclusive:false. It will be redeclared if the broker stops and is restarted while the connection factory is alive, but all messages will be lost.
2025-03-08T23:47:45.121+07:00  INFO 21488 --- [miniinsta] [restartedMain] c.t.miniinsta.MiniinstaApplication       : Started MiniinstaApplication in 3.413 seconds (process running for 828.601)
2025-03-08T23:47:45.124+07:00  INFO 21488 --- [miniinsta] [restartedMain] .ConditionEvaluationDeltaLoggingListener : Condition evaluation unchanged
